{"level":"info","message":"⌛ Building environment","timeElapsed":166,"timestamp":"2024-12-12T20:05:10.560Z"}
{"level":"info","message":"⌛ Building environment","timeElapsed":168,"timestamp":"2024-12-12T20:05:10.896Z"}
{"level":"info","message":"⌛ Building environment","timeElapsed":165,"timestamp":"2024-12-12T20:05:10.896Z"}
{"level":"info","message":"⌛ Building environment","timeElapsed":167,"timestamp":"2024-12-12T20:05:11.072Z"}
{"level":"info","message":"⌛ Building environment","timeElapsed":174,"timestamp":"2024-12-12T20:05:11.247Z"}
{"level":"info","message":"⌛ Building environment","timeElapsed":172,"timestamp":"2024-12-12T20:05:11.420Z"}
{"level":"info","message":"⌛ Building environment","timeElapsed":1043,"timestamp":"2024-12-12T20:05:12.466Z"}
{"level":"info","message":"⌛ Building environment","timeElapsed":1325,"timestamp":"2024-12-12T20:05:13.791Z"}
{"level":"info","message":"⌛ Building environment","timeElapsed":224,"timestamp":"2024-12-12T20:05:14.024Z"}
{"level":"info","message":"⌛ Building environment","timeElapsed":170,"timestamp":"2024-12-12T20:05:14.194Z"}
{"level":"info","message":"⌛ Validating elPadrino/padrino2.wlk","timeElapsed":251,"timestamp":"2024-12-12T20:05:14.446Z"}
{"level":"info","message":"⌛ Building environment","timeElapsed":178,"timestamp":"2024-12-12T20:05:14.625Z"}
{"level":"info","message":"⌛ Validating elPadrino/padrino2.wlk","timeElapsed":225,"timestamp":"2024-12-12T20:05:14.849Z"}
{"level":"info","message":"⌛ Validating elPadrino/padrino2.wlk","timeElapsed":225,"timestamp":"2024-12-12T20:05:15.084Z"}
{"level":"info","message":"⌛ Validating elPadrino/padrino2.wlk","timeElapsed":228,"timestamp":"2024-12-12T20:05:15.311Z"}
{"level":"info","message":"⌛ Validating elPadrino/padrino2.wlk","timeElapsed":224,"timestamp":"2024-12-12T20:05:15.537Z"}
{"level":"info","message":"⌛ Validating elPadrino/padrino2.wlk","timeElapsed":225,"timestamp":"2024-12-12T20:05:15.762Z"}
{"level":"info","message":"⌛ Building environment","timeElapsed":167,"timestamp":"2024-12-12T20:05:15.930Z"}
{"level":"info","message":"⌛ Validating elPadrino/padrino2.wlk","timeElapsed":227,"timestamp":"2024-12-12T20:05:16.156Z"}
{"level":"info","message":"⌛ Validating elPadrino/padrino2.wlk","timeElapsed":225,"timestamp":"2024-12-12T20:05:16.391Z"}
{"level":"info","message":"⌛ Validating elPadrino/padrino2.wlk","timeElapsed":230,"timestamp":"2024-12-12T20:05:16.621Z"}
{"level":"info","message":"⌛ Validating elPadrino/padrino2.wlk","timeElapsed":229,"timestamp":"2024-12-12T20:05:16.851Z"}
{"level":"info","message":"⌛ Validating elPadrino/padrino2.wlk","timeElapsed":227,"timestamp":"2024-12-12T20:05:17.078Z"}
{"level":"info","message":"⌛ Validating elPadrino/padrino2.wlk","timeElapsed":227,"timestamp":"2024-12-12T20:05:17.307Z"}
{"level":"info","message":"⌛ Validating elPadrino/padrino2.wlk","timeElapsed":227,"timestamp":"2024-12-12T20:05:17.534Z"}
{"level":"info","message":"⌛ Validating elPadrino/padrino2.wlk","timeElapsed":228,"timestamp":"2024-12-12T20:05:17.763Z"}
{"level":"info","message":"⌛ Validating elPadrino/padrino2.wlk","timeElapsed":227,"timestamp":"2024-12-12T20:05:17.989Z"}
{"level":"info","message":"⌛ Validating elPadrino/padrino2.wlk","timeElapsed":228,"timestamp":"2024-12-12T20:05:18.217Z"}
{"level":"info","message":"⌛ Validating elPadrino/padrino2.wlk","timeElapsed":226,"timestamp":"2024-12-12T20:05:18.445Z"}
{"level":"info","message":"⌛ Validating elPadrino/padrino2.wlk","timeElapsed":228,"timestamp":"2024-12-12T20:05:18.673Z"}
{"level":"info","message":"⌛ Validating elPadrino/padrino2.wlk","timeElapsed":229,"timestamp":"2024-12-12T20:05:18.903Z"}
{"level":"info","message":"⌛ Validating elPadrino/padrino2.wlk","timeElapsed":226,"timestamp":"2024-12-12T20:05:19.128Z"}
{"level":"info","message":"⌛ Validating elPadrino/padrino2.wlk","timeElapsed":226,"timestamp":"2024-12-12T20:05:19.355Z"}
{"level":"info","message":"⌛ Validating elPadrino/padrino2.wlk","timeElapsed":227,"timestamp":"2024-12-12T20:05:19.584Z"}
{"level":"info","message":"⌛ Validating elPadrino/padrino2.wlk","timeElapsed":225,"timestamp":"2024-12-12T20:05:19.809Z"}
{"level":"info","message":"⌛ Validating elPadrino/padrino2.wlk","timeElapsed":226,"timestamp":"2024-12-12T20:05:20.037Z"}
{"level":"info","message":"⌛ Validating elPadrino/padrino2.wlk","timeElapsed":228,"timestamp":"2024-12-12T20:05:20.266Z"}
{"level":"info","message":"⌛ Building environment","timeElapsed":168,"timestamp":"2024-12-12T20:05:21.162Z"}
{"level":"info","message":"⌛ Validating elPadrino/padrino2.wlk","timeElapsed":247,"timestamp":"2024-12-12T20:05:21.408Z"}
{"level":"info","message":"⌛ Building environment","timeElapsed":170,"timestamp":"2024-12-12T20:05:21.579Z"}
{"level":"info","message":"⌛ Building environment","timeElapsed":167,"timestamp":"2024-12-12T20:05:21.788Z"}
{"level":"info","message":"⌛ Building environment","timeElapsed":167,"timestamp":"2024-12-12T20:05:21.956Z"}
{"level":"info","message":"⌛ Validating elPadrino/padrino2.wlk","timeElapsed":226,"timestamp":"2024-12-12T20:05:22.182Z"}
{"level":"info","message":"⌛ Building environment","timeElapsed":169,"timestamp":"2024-12-12T20:05:22.352Z"}
{"level":"info","message":"⌛ Validating elPadrino/padrino2.wlk","timeElapsed":227,"timestamp":"2024-12-12T20:05:22.589Z"}
{"level":"info","message":"⌛ Building environment","timeElapsed":167,"timestamp":"2024-12-12T20:05:22.758Z"}
{"level":"info","message":"⌛ Validating elPadrino/padrino2.wlk","timeElapsed":229,"timestamp":"2024-12-12T20:05:22.987Z"}
{"level":"info","message":"⌛ Building environment","timeElapsed":168,"timestamp":"2024-12-12T20:05:23.164Z"}
{"level":"info","message":"⌛ Building environment","timeElapsed":168,"timestamp":"2024-12-12T20:05:23.332Z"}
{"level":"info","message":"⌛ Validating elPadrino/padrino2.wlk","timeElapsed":228,"timestamp":"2024-12-12T20:05:23.560Z"}
{"level":"info","message":"⌛ Building environment","timeElapsed":166,"timestamp":"2024-12-12T20:05:23.727Z"}
{"level":"info","message":"⌛ Building environment","timeElapsed":168,"timestamp":"2024-12-12T20:05:23.896Z"}
{"level":"info","message":"⌛ Validating elPadrino/padrino2.wlk","timeElapsed":226,"timestamp":"2024-12-12T20:05:24.164Z"}
{"level":"info","message":"⌛ Building environment","timeElapsed":167,"timestamp":"2024-12-12T20:05:24.333Z"}
{"level":"info","message":"⌛ Building environment","timeElapsed":170,"timestamp":"2024-12-12T20:05:24.503Z"}
{"level":"info","message":"⌛ Validating elPadrino/padrino2.wlk","timeElapsed":230,"timestamp":"2024-12-12T20:05:24.733Z"}
{"level":"info","message":"⌛ Building environment","timeElapsed":169,"timestamp":"2024-12-12T20:05:24.903Z"}
{"level":"info","message":"⌛ Validating elPadrino/padrino2.wlk","timeElapsed":236,"timestamp":"2024-12-12T20:05:25.141Z"}
{"level":"info","message":"⌛ Building environment","timeElapsed":172,"timestamp":"2024-12-12T20:05:25.314Z"}
{"level":"info","message":"⌛ Building environment","timeElapsed":173,"timestamp":"2024-12-12T20:05:25.487Z"}
{"level":"info","message":"⌛ Validating elPadrino/padrino2.wlk","timeElapsed":231,"timestamp":"2024-12-12T20:05:25.718Z"}
{"level":"info","message":"⌛ Building environment","timeElapsed":172,"timestamp":"2024-12-12T20:05:25.891Z"}
{"level":"info","message":"⌛ Validating elPadrino/padrino2.wlk","timeElapsed":254,"timestamp":"2024-12-12T20:05:26.144Z"}
{"level":"info","message":"⌛ Validating elPadrino/padrino2.wlk","timeElapsed":230,"timestamp":"2024-12-12T20:05:26.384Z"}
{"level":"info","message":"⌛ Building environment","timeElapsed":169,"timestamp":"2024-12-12T20:05:26.554Z"}
{"level":"info","message":"⌛ Validating elPadrino/padrino2.wlk","timeElapsed":229,"timestamp":"2024-12-12T20:05:26.784Z"}
{"level":"info","message":"⌛ Building environment","timeElapsed":170,"timestamp":"2024-12-12T20:05:26.954Z"}
{"level":"info","message":"⌛ Validating elPadrino/padrino2.wlk","timeElapsed":232,"timestamp":"2024-12-12T20:05:27.186Z"}
{"level":"info","message":"⌛ Building environment","timeElapsed":288,"timestamp":"2024-12-12T20:05:27.756Z"}
{"level":"info","message":"⌛ Validating elPadrino/padrino2.wlk","timeElapsed":222,"timestamp":"2024-12-12T20:05:27.986Z"}
{"level":"info","message":"⌛ Validating elPadrino/padrino2.wlk","timeElapsed":214,"timestamp":"2024-12-12T20:05:28.200Z"}
{"level":"info","message":"⌛ Validating elPadrino/padrino2.wlk","timeElapsed":213,"timestamp":"2024-12-12T20:05:28.413Z"}
{"level":"info","message":"⌛ Building environment","timeElapsed":159,"timestamp":"2024-12-12T20:05:28.572Z"}
{"level":"info","message":"⌛ Building environment","timeElapsed":158,"timestamp":"2024-12-12T20:05:28.730Z"}
{"level":"info","message":"⌛ Building environment","timeElapsed":157,"timestamp":"2024-12-12T20:05:28.889Z"}
{"level":"info","message":"⌛ Validating elPadrino/padrino2.wlk","timeElapsed":212,"timestamp":"2024-12-12T20:05:29.110Z"}
{"level":"info","message":"⌛ Validating elPadrino/padrino2.wlk","timeElapsed":216,"timestamp":"2024-12-12T20:05:29.326Z"}
{"level":"info","message":"⌛ Validating elPadrino/padrino2.wlk","timeElapsed":233,"timestamp":"2024-12-12T20:05:29.559Z"}
{"level":"info","message":"⌛ Validating elPadrino/padrino2.wlk","timeElapsed":230,"timestamp":"2024-12-12T20:05:29.853Z"}
{"level":"info","message":"⌛ Validating elPadrino/padrino2.wlk","timeElapsed":230,"timestamp":"2024-12-12T20:05:30.082Z"}
{"level":"info","message":"⌛ Validating elPadrino/padrino2.wlk","timeElapsed":236,"timestamp":"2024-12-12T20:05:30.318Z"}
{"level":"info","message":"⌛ Building environment","timeElapsed":181,"timestamp":"2024-12-12T20:05:31.871Z"}
{"level":"info","message":"⌛ Validating elPadrino/padrino2.wlk","timeElapsed":236,"timestamp":"2024-12-12T20:05:32.108Z"}
{"level":"info","message":"⌛ Building environment","timeElapsed":256,"timestamp":"2024-12-12T20:05:36.312Z"}
{"level":"info","message":"⌛ Building environment","timeElapsed":160,"timestamp":"2024-12-12T20:05:36.472Z"}
{"level":"info","message":"⌛ Validating elPadrino/padrino2.wlk","timeElapsed":217,"timestamp":"2024-12-12T20:05:36.737Z"}
{"level":"info","message":"⌛ Validating elPadrino/padrino2.wlk","timeElapsed":211,"timestamp":"2024-12-12T20:05:36.949Z"}
{"level":"info","message":"⌛ Building environment","timeElapsed":163,"timestamp":"2024-12-12T20:05:37.112Z"}
{"level":"info","message":"⌛ Validating elPadrino/padrino2.wlk","timeElapsed":212,"timestamp":"2024-12-12T20:05:37.332Z"}
{"level":"info","message":"⌛ Building environment","timeElapsed":161,"timestamp":"2024-12-12T20:05:37.594Z"}
{"level":"info","message":"⌛ Validating elPadrino/padrino2.wlk","timeElapsed":216,"timestamp":"2024-12-12T20:05:37.856Z"}
{"level":"info","message":"⌛ Building environment","timeElapsed":159,"timestamp":"2024-12-12T20:05:38.016Z"}
{"level":"info","message":"⌛ Building environment","timeElapsed":164,"timestamp":"2024-12-12T20:05:38.180Z"}
{"level":"info","message":"⌛ Building environment","timeElapsed":236,"timestamp":"2024-12-12T20:05:38.417Z"}
{"level":"info","message":"⌛ Building environment","timeElapsed":158,"timestamp":"2024-12-12T20:05:38.575Z"}
{"level":"info","message":"⌛ Validating elPadrino/padrino2.wlk","timeElapsed":224,"timestamp":"2024-12-12T20:05:38.800Z"}
{"level":"info","message":"⌛ Validating elPadrino/padrino2.wlk","timeElapsed":216,"timestamp":"2024-12-12T20:05:39.015Z"}
{"level":"info","message":"⌛ Building environment","timeElapsed":197,"timestamp":"2024-12-12T20:05:39.213Z"}
{"level":"info","message":"⌛ Validating elPadrino/padrino2.wlk","timeElapsed":219,"timestamp":"2024-12-12T20:05:39.432Z"}
{"level":"info","message":"⌛ Building environment","timeElapsed":157,"timestamp":"2024-12-12T20:05:39.589Z"}
{"level":"info","message":"⌛ Validating elPadrino/padrino2.wlk","timeElapsed":212,"timestamp":"2024-12-12T20:05:39.801Z"}
{"level":"info","message":"⌛ Building environment","timeElapsed":160,"timestamp":"2024-12-12T20:05:39.962Z"}
{"level":"info","message":"⌛ Building environment","timeElapsed":167,"timestamp":"2024-12-12T20:05:40.130Z"}
{"level":"info","message":"⌛ Building environment","timeElapsed":180,"timestamp":"2024-12-12T20:05:40.358Z"}
{"level":"info","message":"⌛ Building environment","timeElapsed":196,"timestamp":"2024-12-12T20:05:40.555Z"}
{"level":"info","message":"⌛ Validating elPadrino/padrino2.wlk","timeElapsed":215,"timestamp":"2024-12-12T20:05:40.771Z"}
{"level":"info","message":"⌛ Building environment","timeElapsed":161,"timestamp":"2024-12-12T20:05:40.933Z"}
{"level":"info","message":"⌛ Validating elPadrino/padrino2.wlk","timeElapsed":212,"timestamp":"2024-12-12T20:05:41.144Z"}
{"level":"info","message":"⌛ Building environment","timeElapsed":159,"timestamp":"2024-12-12T20:05:41.313Z"}
{"level":"info","message":"⌛ Validating elPadrino/padrino2.wlk","timeElapsed":218,"timestamp":"2024-12-12T20:05:41.532Z"}
{"level":"info","message":"⌛ Validating elPadrino/padrino2.wlk","timeElapsed":215,"timestamp":"2024-12-12T20:05:41.746Z"}
{"level":"info","message":"⌛ Validating elPadrino/padrino2.wlk","timeElapsed":215,"timestamp":"2024-12-12T20:05:41.970Z"}
{"level":"info","message":"⌛ Validating elPadrino/padrino2.wlk","timeElapsed":224,"timestamp":"2024-12-12T20:05:42.194Z"}
{"level":"info","message":"⌛ Validating elPadrino/padrino2.wlk","timeElapsed":226,"timestamp":"2024-12-12T20:05:42.421Z"}
{"level":"info","message":"⌛ Validating elPadrino/padrino2.wlk","timeElapsed":211,"timestamp":"2024-12-12T20:05:42.632Z"}
{"level":"info","message":"⌛ Building environment","timeElapsed":164,"timestamp":"2024-12-12T20:05:42.797Z"}
{"level":"error","message":"✘ Completions for node failed: Error: [Send]{8834f0} at elPadrino/padrino2.wlk:12 exhausted all cases without a match [Send]{8834f0} at elPadrino/padrino2.wlk:12 exhausted all cases without a match","stack":"Error: [Send]{8834f0} at elPadrino/padrino2.wlk:12 exhausted all cases without a match\n    at c:\\Users\\Usuario\\.vscode\\extensions\\uqbar.wollok-lsp-ide-0.4.0\\out\\server\\src\\server.js:38:6142\n    at Lh (c:\\Users\\Usuario\\.vscode\\extensions\\uqbar.wollok-lsp-ide-0.4.0\\out\\server\\src\\server.js:2322:42)\n    at Fh (c:\\Users\\Usuario\\.vscode\\extensions\\uqbar.wollok-lsp-ide-0.4.0\\out\\server\\src\\server.js:2322:1004)\n    at A9n (c:\\Users\\Usuario\\.vscode\\extensions\\uqbar.wollok-lsp-ide-0.4.0\\out\\server\\src\\server.js:2322:1160)\n    at c:\\Users\\Usuario\\.vscode\\extensions\\uqbar.wollok-lsp-ide-0.4.0\\out\\server\\src\\server.js:38:6131\n    at Lh (c:\\Users\\Usuario\\.vscode\\extensions\\uqbar.wollok-lsp-ide-0.4.0\\out\\server\\src\\server.js:2322:42)\n    at c:\\Users\\Usuario\\.vscode\\extensions\\uqbar.wollok-lsp-ide-0.4.0\\out\\server\\src\\server.js:2322:2700\n    at c:\\Users\\Usuario\\.vscode\\extensions\\uqbar.wollok-lsp-ide-0.4.0\\out\\server\\src\\server.js:2329:3736\n    at c:\\Users\\Usuario\\.vscode\\extensions\\uqbar.wollok-lsp-ide-0.4.0\\out\\server\\src\\server.js:37:74872\n    at He (c:\\Users\\Usuario\\.vscode\\extensions\\uqbar.wollok-lsp-ide-0.4.0\\out\\server\\src\\server.js:7:8527)","timestamp":"2024-12-12T20:05:42.840Z"}
{"level":"info","message":"⌛ Building environment","timeElapsed":189,"timestamp":"2024-12-12T20:05:43.033Z"}
{"level":"info","message":"⌛ Building environment","timeElapsed":156,"timestamp":"2024-12-12T20:05:43.190Z"}
{"level":"info","message":"⌛ Building environment","timeElapsed":155,"timestamp":"2024-12-12T20:05:43.347Z"}
{"level":"info","message":"⌛ Building environment","timeElapsed":215,"timestamp":"2024-12-12T20:05:43.563Z"}
{"level":"info","message":"⌛ Validating elPadrino/padrino2.wlk","timeElapsed":210,"timestamp":"2024-12-12T20:05:43.781Z"}
{"level":"info","message":"⌛ Validating elPadrino/padrino2.wlk","timeElapsed":211,"timestamp":"2024-12-12T20:05:43.993Z"}
{"level":"info","message":"⌛ Validating elPadrino/padrino2.wlk","timeElapsed":211,"timestamp":"2024-12-12T20:05:44.205Z"}
{"level":"info","message":"⌛ Validating elPadrino/padrino2.wlk","timeElapsed":212,"timestamp":"2024-12-12T20:05:44.416Z"}
{"level":"info","message":"⌛ Validating elPadrino/padrino2.wlk","timeElapsed":211,"timestamp":"2024-12-12T20:05:44.628Z"}
{"level":"info","message":"⌛ Building environment","timeElapsed":198,"timestamp":"2024-12-12T20:05:52.632Z"}
{"level":"info","message":"⌛ Validating elPadrino/padrino2.wlk","timeElapsed":223,"timestamp":"2024-12-12T20:05:52.856Z"}
{"level":"info","message":"⌛ Building environment","timeElapsed":183,"timestamp":"2024-12-12T20:05:53.039Z"}
{"level":"info","message":"⌛ Validating elPadrino/padrino2.wlk","timeElapsed":212,"timestamp":"2024-12-12T20:05:53.298Z"}
{"level":"info","message":"⌛ Building environment","timeElapsed":160,"timestamp":"2024-12-12T20:05:53.457Z"}
{"level":"info","message":"⌛ Building environment","timeElapsed":187,"timestamp":"2024-12-12T20:05:53.652Z"}
{"level":"info","message":"⌛ Validating elPadrino/padrino2.wlk","timeElapsed":214,"timestamp":"2024-12-12T20:05:53.912Z"}
{"level":"info","message":"⌛ Building environment","timeElapsed":178,"timestamp":"2024-12-12T20:05:54.090Z"}
{"level":"info","message":"⌛ Building environment","timeElapsed":157,"timestamp":"2024-12-12T20:05:54.249Z"}
{"level":"info","message":"⌛ Validating elPadrino/padrino2.wlk","timeElapsed":210,"timestamp":"2024-12-12T20:05:54.460Z"}
{"level":"info","message":"⌛ Building environment","timeElapsed":162,"timestamp":"2024-12-12T20:05:54.622Z"}
{"level":"info","message":"⌛ Validating elPadrino/padrino2.wlk","timeElapsed":213,"timestamp":"2024-12-12T20:05:54.836Z"}
{"level":"info","message":"⌛ Building environment","timeElapsed":188,"timestamp":"2024-12-12T20:05:55.032Z"}
{"level":"info","message":"⌛ Validating elPadrino/padrino2.wlk","timeElapsed":210,"timestamp":"2024-12-12T20:05:55.242Z"}
{"level":"info","message":"⌛ Building environment","timeElapsed":158,"timestamp":"2024-12-12T20:05:55.399Z"}
{"level":"info","message":"⌛ Building environment","timeElapsed":201,"timestamp":"2024-12-12T20:05:55.601Z"}
{"level":"info","message":"⌛ Validating elPadrino/padrino2.wlk","timeElapsed":217,"timestamp":"2024-12-12T20:05:55.820Z"}
{"level":"info","message":"⌛ Building environment","timeElapsed":163,"timestamp":"2024-12-12T20:05:55.983Z"}
{"level":"info","message":"⌛ Validating elPadrino/padrino2.wlk","timeElapsed":212,"timestamp":"2024-12-12T20:05:56.235Z"}
{"level":"info","message":"⌛ Validating elPadrino/padrino2.wlk","timeElapsed":208,"timestamp":"2024-12-12T20:05:56.445Z"}
{"level":"info","message":"⌛ Validating elPadrino/padrino2.wlk","timeElapsed":224,"timestamp":"2024-12-12T20:05:56.731Z"}
{"level":"info","message":"⌛ Validating elPadrino/padrino2.wlk","timeElapsed":215,"timestamp":"2024-12-12T20:05:56.947Z"}
{"level":"info","message":"⌛ Building environment","timeElapsed":206,"timestamp":"2024-12-12T20:06:06.424Z"}
{"level":"info","message":"⌛ Validating elPadrino/padrino2.wlk","timeElapsed":221,"timestamp":"2024-12-12T20:06:06.693Z"}
{"level":"info","message":"⌛ Building environment","timeElapsed":167,"timestamp":"2024-12-12T20:06:06.860Z"}
{"level":"info","message":"⌛ Building environment","timeElapsed":206,"timestamp":"2024-12-12T20:06:07.075Z"}
{"level":"info","message":"⌛ Validating elPadrino/padrino2.wlk","timeElapsed":221,"timestamp":"2024-12-12T20:06:07.297Z"}
{"level":"info","message":"⌛ Building environment","timeElapsed":161,"timestamp":"2024-12-12T20:06:07.458Z"}
{"level":"info","message":"⌛ Validating elPadrino/padrino2.wlk","timeElapsed":221,"timestamp":"2024-12-12T20:06:07.725Z"}
{"level":"info","message":"⌛ Building environment","timeElapsed":159,"timestamp":"2024-12-12T20:06:07.885Z"}
{"level":"info","message":"⌛ Building environment","timeElapsed":165,"timestamp":"2024-12-12T20:06:08.098Z"}
{"level":"info","message":"⌛ Validating elPadrino/padrino2.wlk","timeElapsed":212,"timestamp":"2024-12-12T20:06:08.311Z"}
{"level":"info","message":"⌛ Building environment","timeElapsed":222,"timestamp":"2024-12-12T20:06:08.534Z"}
{"level":"info","message":"⌛ Building environment","timeElapsed":172,"timestamp":"2024-12-12T20:06:08.707Z"}
{"level":"info","message":"⌛ Validating elPadrino/padrino2.wlk","timeElapsed":229,"timestamp":"2024-12-12T20:06:08.937Z"}
{"level":"info","message":"⌛ Validating elPadrino/padrino2.wlk","timeElapsed":219,"timestamp":"2024-12-12T20:06:09.164Z"}
{"level":"info","message":"⌛ Building environment","timeElapsed":161,"timestamp":"2024-12-12T20:06:09.326Z"}
{"level":"info","message":"⌛ Building environment","timeElapsed":158,"timestamp":"2024-12-12T20:06:09.485Z"}
{"level":"info","message":"⌛ Building environment","timeElapsed":155,"timestamp":"2024-12-12T20:06:09.641Z"}
{"level":"info","message":"⌛ Validating elPadrino/padrino2.wlk","timeElapsed":213,"timestamp":"2024-12-12T20:06:09.855Z"}
{"level":"info","message":"⌛ Validating elPadrino/padrino2.wlk","timeElapsed":217,"timestamp":"2024-12-12T20:06:10.120Z"}
{"level":"info","message":"⌛ Building environment","timeElapsed":160,"timestamp":"2024-12-12T20:06:10.281Z"}
{"level":"info","message":"⌛ Building environment","timeElapsed":159,"timestamp":"2024-12-12T20:06:10.441Z"}
{"level":"info","message":"⌛ Building environment","timeElapsed":155,"timestamp":"2024-12-12T20:06:10.597Z"}
{"level":"info","message":"⌛ Building environment","timeElapsed":221,"timestamp":"2024-12-12T20:06:10.817Z"}
{"level":"info","message":"⌛ Validating elPadrino/padrino2.wlk","timeElapsed":211,"timestamp":"2024-12-12T20:06:11.067Z"}
{"level":"info","message":"⌛ Validating elPadrino/padrino2.wlk","timeElapsed":210,"timestamp":"2024-12-12T20:06:11.279Z"}
{"level":"info","message":"⌛ Validating elPadrino/padrino2.wlk","timeElapsed":210,"timestamp":"2024-12-12T20:06:11.489Z"}
{"level":"info","message":"⌛ Building environment","timeElapsed":158,"timestamp":"2024-12-12T20:06:11.648Z"}
{"level":"info","message":"⌛ Building environment","timeElapsed":249,"timestamp":"2024-12-12T20:06:11.905Z"}
{"level":"info","message":"⌛ Validating elPadrino/padrino2.wlk","timeElapsed":285,"timestamp":"2024-12-12T20:06:12.192Z"}
{"level":"info","message":"⌛ Validating elPadrino/padrino2.wlk","timeElapsed":208,"timestamp":"2024-12-12T20:06:12.401Z"}
{"level":"info","message":"⌛ Validating elPadrino/padrino2.wlk","timeElapsed":225,"timestamp":"2024-12-12T20:06:12.636Z"}
{"level":"info","message":"⌛ Validating elPadrino/padrino2.wlk","timeElapsed":211,"timestamp":"2024-12-12T20:06:12.846Z"}
{"level":"info","message":"⌛ Validating elPadrino/padrino2.wlk","timeElapsed":207,"timestamp":"2024-12-12T20:06:13.054Z"}
{"level":"info","message":"⌛ Building environment","timeElapsed":230,"timestamp":"2024-12-12T20:06:13.285Z"}
{"level":"info","message":"⌛ Validating elPadrino/padrino2.wlk","timeElapsed":212,"timestamp":"2024-12-12T20:06:13.498Z"}
{"level":"info","message":"⌛ Building environment","timeElapsed":160,"timestamp":"2024-12-12T20:06:13.667Z"}
{"level":"info","message":"⌛ Building environment","timeElapsed":158,"timestamp":"2024-12-12T20:06:13.833Z"}
{"level":"info","message":"⌛ Validating elPadrino/padrino2.wlk","timeElapsed":213,"timestamp":"2024-12-12T20:06:14.047Z"}
{"level":"info","message":"⌛ Building environment","timeElapsed":160,"timestamp":"2024-12-12T20:06:14.216Z"}
{"level":"info","message":"⌛ Validating elPadrino/padrino2.wlk","timeElapsed":215,"timestamp":"2024-12-12T20:06:14.431Z"}
{"level":"info","message":"⌛ Building environment","timeElapsed":158,"timestamp":"2024-12-12T20:06:14.590Z"}
{"level":"info","message":"⌛ Validating elPadrino/padrino2.wlk","timeElapsed":214,"timestamp":"2024-12-12T20:06:14.806Z"}
{"level":"info","message":"⌛ Building environment","timeElapsed":165,"timestamp":"2024-12-12T20:06:14.971Z"}
{"level":"info","message":"⌛ Validating elPadrino/padrino2.wlk","timeElapsed":219,"timestamp":"2024-12-12T20:06:15.241Z"}
{"level":"info","message":"⌛ Validating elPadrino/padrino2.wlk","timeElapsed":215,"timestamp":"2024-12-12T20:06:15.457Z"}
{"level":"info","message":"⌛ Validating elPadrino/padrino2.wlk","timeElapsed":209,"timestamp":"2024-12-12T20:06:15.666Z"}
{"level":"info","message":"⌛ Building environment","timeElapsed":276,"timestamp":"2024-12-12T20:06:17.494Z"}
{"level":"info","message":"⌛ Validating elPadrino/padrino2.wlk","timeElapsed":221,"timestamp":"2024-12-12T20:06:17.716Z"}
{"level":"info","message":"⌛ Building environment","timeElapsed":162,"timestamp":"2024-12-12T20:06:18.517Z"}
{"level":"info","message":"⌛ Validating elPadrino/padrino2.wlk","timeElapsed":216,"timestamp":"2024-12-12T20:06:18.734Z"}
{"level":"info","message":"⌛ Building environment","timeElapsed":160,"timestamp":"2024-12-12T20:06:23.002Z"}
{"level":"info","message":"⌛ Validating elPadrino/padrino2.wlk","timeElapsed":215,"timestamp":"2024-12-12T20:06:23.219Z"}
{"level":"info","message":"⌛ Building environment","timeElapsed":169,"timestamp":"2024-12-12T20:06:27.688Z"}
{"level":"info","message":"⌛ Validating elPadrino/padrino2.wlk","timeElapsed":216,"timestamp":"2024-12-12T20:06:27.905Z"}
{"level":"info","message":"⌛ Building environment","timeElapsed":160,"timestamp":"2024-12-12T20:06:29.034Z"}
{"level":"info","message":"⌛ Validating elPadrino/padrino2.wlk","timeElapsed":212,"timestamp":"2024-12-12T20:06:29.248Z"}
{"level":"info","message":"⌛ Building environment","timeElapsed":216,"timestamp":"2024-12-12T20:06:59.541Z"}
{"level":"info","message":"⌛ Validating elPadrino/padrino2.wlk","timeElapsed":253,"timestamp":"2024-12-12T20:06:59.794Z"}
{"level":"info","message":"⌛ Building environment","timeElapsed":189,"timestamp":"2024-12-12T20:06:59.992Z"}
{"level":"info","message":"⌛ Building environment","timeElapsed":158,"timestamp":"2024-12-12T20:07:00.201Z"}
{"level":"info","message":"⌛ Building environment","timeElapsed":209,"timestamp":"2024-12-12T20:07:00.412Z"}
{"level":"info","message":"⌛ Validating elPadrino/padrino2.wlk","timeElapsed":227,"timestamp":"2024-12-12T20:07:00.640Z"}
{"level":"info","message":"⌛ Building environment","timeElapsed":196,"timestamp":"2024-12-12T20:07:00.837Z"}
{"level":"info","message":"onRequest - completionItem/resolve","timestamp":"2024-12-12T20:07:00.838Z"}
{"level":"info","message":"⌛ Validating elPadrino/padrino2.wlk","timeElapsed":227,"timestamp":"2024-12-12T20:07:01.066Z"}
{"level":"info","message":"⌛ Building environment","timeElapsed":158,"timestamp":"2024-12-12T20:07:01.232Z"}
{"level":"info","message":"onRequest - completionItem/resolve","timestamp":"2024-12-12T20:07:01.232Z"}
{"level":"info","message":"⌛ Validating elPadrino/padrino2.wlk","timeElapsed":212,"timestamp":"2024-12-12T20:07:01.452Z"}
{"level":"info","message":"⌛ Building environment","timeElapsed":158,"timestamp":"2024-12-12T20:07:01.612Z"}
{"level":"info","message":"onRequest - completionItem/resolve","timestamp":"2024-12-12T20:07:01.612Z"}
{"level":"info","message":"⌛ Validating elPadrino/padrino2.wlk","timeElapsed":213,"timestamp":"2024-12-12T20:07:01.833Z"}
{"level":"info","message":"⌛ Building environment","timeElapsed":217,"timestamp":"2024-12-12T20:07:02.050Z"}
{"level":"info","message":"onRequest - completionItem/resolve","timestamp":"2024-12-12T20:07:02.050Z"}
{"level":"info","message":"⌛ Building environment","timeElapsed":158,"timestamp":"2024-12-12T20:07:02.208Z"}
{"level":"info","message":"onRequest - completionItem/resolve","timestamp":"2024-12-12T20:07:02.209Z"}
{"level":"info","message":"⌛ Building environment","timeElapsed":162,"timestamp":"2024-12-12T20:07:02.372Z"}
{"level":"info","message":"onRequest - completionItem/resolve","timestamp":"2024-12-12T20:07:02.372Z"}
{"level":"info","message":"⌛ Validating elPadrino/padrino2.wlk","timeElapsed":215,"timestamp":"2024-12-12T20:07:02.587Z"}
{"level":"info","message":"⌛ Building environment","timeElapsed":159,"timestamp":"2024-12-12T20:07:02.747Z"}
{"level":"info","message":"⌛ Validating elPadrino/padrino2.wlk","timeElapsed":218,"timestamp":"2024-12-12T20:07:03.015Z"}
{"level":"info","message":"⌛ Validating elPadrino/padrino2.wlk","timeElapsed":215,"timestamp":"2024-12-12T20:07:03.230Z"}
{"level":"info","message":"⌛ Validating elPadrino/padrino2.wlk","timeElapsed":216,"timestamp":"2024-12-12T20:07:03.446Z"}
{"level":"info","message":"⌛ Validating elPadrino/padrino2.wlk","timeElapsed":214,"timestamp":"2024-12-12T20:07:03.660Z"}
{"level":"info","message":"⌛ Validating elPadrino/padrino2.wlk","timeElapsed":240,"timestamp":"2024-12-12T20:07:03.900Z"}
{"level":"info","message":"onRequest - completionItem/resolve","timestamp":"2024-12-12T20:07:03.900Z"}
{"level":"info","message":"⌛ Building environment","timeElapsed":167,"timestamp":"2024-12-12T20:07:06.699Z"}
{"level":"info","message":"onRequest - completionItem/resolve","timestamp":"2024-12-12T20:07:06.699Z"}
{"level":"info","message":"⌛ Building environment","timeElapsed":161,"timestamp":"2024-12-12T20:07:06.860Z"}
{"level":"info","message":"onRequest - completionItem/resolve","timestamp":"2024-12-12T20:07:06.860Z"}
{"level":"info","message":"⌛ Validating elPadrino/padrino2.wlk","timeElapsed":213,"timestamp":"2024-12-12T20:07:07.073Z"}
{"level":"info","message":"⌛ Building environment","timeElapsed":224,"timestamp":"2024-12-12T20:07:07.299Z"}
{"level":"info","message":"onRequest - completionItem/resolve","timestamp":"2024-12-12T20:07:07.299Z"}
{"level":"info","message":"⌛ Validating elPadrino/padrino2.wlk","timeElapsed":220,"timestamp":"2024-12-12T20:07:07.520Z"}
{"level":"info","message":"⌛ Building environment","timeElapsed":229,"timestamp":"2024-12-12T20:07:07.749Z"}
{"level":"info","message":"onRequest - completionItem/resolve","timestamp":"2024-12-12T20:07:07.750Z"}
{"level":"info","message":"⌛ Building environment","timeElapsed":161,"timestamp":"2024-12-12T20:07:07.911Z"}
{"level":"info","message":"onRequest - completionItem/resolve","timestamp":"2024-12-12T20:07:07.911Z"}
{"level":"info","message":"⌛ Building environment","timeElapsed":181,"timestamp":"2024-12-12T20:07:08.092Z"}
{"level":"info","message":"onRequest - completionItem/resolve","timestamp":"2024-12-12T20:07:08.094Z"}
{"level":"info","message":"⌛ Building environment","timeElapsed":159,"timestamp":"2024-12-12T20:07:08.253Z"}
{"level":"info","message":"onRequest - completionItem/resolve","timestamp":"2024-12-12T20:07:08.253Z"}
{"level":"info","message":"⌛ Validating elPadrino/padrino2.wlk","timeElapsed":214,"timestamp":"2024-12-12T20:07:08.468Z"}
{"level":"info","message":"⌛ Building environment","timeElapsed":160,"timestamp":"2024-12-12T20:07:08.628Z"}
{"level":"info","message":"onRequest - completionItem/resolve","timestamp":"2024-12-12T20:07:08.629Z"}
{"level":"info","message":"⌛ Building environment","timeElapsed":160,"timestamp":"2024-12-12T20:07:08.789Z"}
{"level":"info","message":"⌛ Building environment","timeElapsed":163,"timestamp":"2024-12-12T20:07:08.997Z"}
{"level":"info","message":"⌛ Validating elPadrino/padrino2.wlk","timeElapsed":213,"timestamp":"2024-12-12T20:07:09.210Z"}
{"level":"info","message":"⌛ Validating elPadrino/padrino2.wlk","timeElapsed":216,"timestamp":"2024-12-12T20:07:09.427Z"}
{"level":"info","message":"⌛ Validating elPadrino/padrino2.wlk","timeElapsed":216,"timestamp":"2024-12-12T20:07:09.651Z"}
{"level":"info","message":"⌛ Validating elPadrino/padrino2.wlk","timeElapsed":219,"timestamp":"2024-12-12T20:07:09.870Z"}
{"level":"info","message":"⌛ Validating elPadrino/padrino2.wlk","timeElapsed":214,"timestamp":"2024-12-12T20:07:10.084Z"}
{"level":"info","message":"⌛ Validating elPadrino/padrino2.wlk","timeElapsed":213,"timestamp":"2024-12-12T20:07:10.298Z"}
{"level":"info","message":"⌛ Building environment","timeElapsed":179,"timestamp":"2024-12-12T20:07:10.478Z"}
{"level":"info","message":"⌛ Validating elPadrino/padrino2.wlk","timeElapsed":324,"timestamp":"2024-12-12T20:07:10.802Z"}
{"level":"info","message":"⌛ Validating elPadrino/padrino2.wlk","timeElapsed":235,"timestamp":"2024-12-12T20:07:11.050Z"}
{"level":"info","message":"⌛ Building environment","timeElapsed":198,"timestamp":"2024-12-12T20:07:12.114Z"}
{"level":"info","message":"⌛ Building environment","timeElapsed":158,"timestamp":"2024-12-12T20:07:12.272Z"}
{"level":"info","message":"⌛ Validating elPadrino/padrino2.wlk","timeElapsed":209,"timestamp":"2024-12-12T20:07:12.482Z"}
{"level":"info","message":"⌛ Validating elPadrino/padrino2.wlk","timeElapsed":210,"timestamp":"2024-12-12T20:07:12.693Z"}
{"level":"info","message":"⌛ Building environment","timeElapsed":197,"timestamp":"2024-12-12T20:07:12.890Z"}
{"level":"info","message":"⌛ Building environment","timeElapsed":158,"timestamp":"2024-12-12T20:07:13.057Z"}
{"level":"info","message":"⌛ Building environment","timeElapsed":159,"timestamp":"2024-12-12T20:07:13.255Z"}
{"level":"info","message":"⌛ Validating elPadrino/padrino2.wlk","timeElapsed":214,"timestamp":"2024-12-12T20:07:13.470Z"}
{"level":"info","message":"⌛ Building environment","timeElapsed":160,"timestamp":"2024-12-12T20:07:13.631Z"}
{"level":"info","message":"⌛ Building environment","timeElapsed":216,"timestamp":"2024-12-12T20:07:13.847Z"}
{"level":"info","message":"⌛ Validating elPadrino/padrino2.wlk","timeElapsed":214,"timestamp":"2024-12-12T20:07:14.061Z"}
{"level":"info","message":"⌛ Building environment","timeElapsed":164,"timestamp":"2024-12-12T20:07:14.225Z"}
{"level":"info","message":"onRequest - completionItem/resolve","timestamp":"2024-12-12T20:07:14.225Z"}
{"level":"info","message":"⌛ Building environment","timeElapsed":159,"timestamp":"2024-12-12T20:07:14.385Z"}
{"level":"info","message":"onRequest - completionItem/resolve","timestamp":"2024-12-12T20:07:14.386Z"}
{"level":"info","message":"⌛ Validating elPadrino/padrino2.wlk","timeElapsed":213,"timestamp":"2024-12-12T20:07:14.600Z"}
{"level":"info","message":"⌛ Building environment","timeElapsed":160,"timestamp":"2024-12-12T20:07:14.760Z"}
{"level":"info","message":"onRequest - completionItem/resolve","timestamp":"2024-12-12T20:07:14.760Z"}
{"level":"info","message":"⌛ Building environment","timeElapsed":160,"timestamp":"2024-12-12T20:07:14.920Z"}
{"level":"info","message":"⌛ Building environment","timeElapsed":160,"timestamp":"2024-12-12T20:07:15.081Z"}
{"level":"info","message":"⌛ Building environment","timeElapsed":176,"timestamp":"2024-12-12T20:07:15.297Z"}
{"level":"info","message":"⌛ Validating elPadrino/padrino2.wlk","timeElapsed":216,"timestamp":"2024-12-12T20:07:15.513Z"}
{"level":"info","message":"⌛ Building environment","timeElapsed":160,"timestamp":"2024-12-12T20:07:15.673Z"}
{"level":"info","message":"⌛ Building environment","timeElapsed":217,"timestamp":"2024-12-12T20:07:15.892Z"}
{"level":"info","message":"⌛ Validating elPadrino/padrino2.wlk","timeElapsed":211,"timestamp":"2024-12-12T20:07:16.103Z"}
{"level":"info","message":"⌛ Building environment","timeElapsed":239,"timestamp":"2024-12-12T20:07:16.342Z"}
{"level":"info","message":"⌛ Building environment","timeElapsed":160,"timestamp":"2024-12-12T20:07:16.502Z"}
{"level":"info","message":"⌛ Validating elPadrino/padrino2.wlk","timeElapsed":211,"timestamp":"2024-12-12T20:07:16.713Z"}
{"level":"info","message":"⌛ Building environment","timeElapsed":171,"timestamp":"2024-12-12T20:07:16.884Z"}
{"level":"info","message":"⌛ Validating elPadrino/padrino2.wlk","timeElapsed":214,"timestamp":"2024-12-12T20:07:17.098Z"}
{"level":"info","message":"⌛ Building environment","timeElapsed":271,"timestamp":"2024-12-12T20:07:17.378Z"}
{"level":"info","message":"⌛ Validating elPadrino/padrino2.wlk","timeElapsed":226,"timestamp":"2024-12-12T20:07:17.613Z"}
{"level":"info","message":"⌛ Building environment","timeElapsed":234,"timestamp":"2024-12-12T20:07:17.847Z"}
{"level":"info","message":"⌛ Validating elPadrino/padrino2.wlk","timeElapsed":216,"timestamp":"2024-12-12T20:07:18.064Z"}
{"level":"info","message":"⌛ Building environment","timeElapsed":160,"timestamp":"2024-12-12T20:07:18.224Z"}
{"level":"info","message":"⌛ Validating elPadrino/padrino2.wlk","timeElapsed":215,"timestamp":"2024-12-12T20:07:18.440Z"}
{"level":"info","message":"⌛ Building environment","timeElapsed":162,"timestamp":"2024-12-12T20:07:18.603Z"}
{"level":"info","message":"⌛ Building environment","timeElapsed":162,"timestamp":"2024-12-12T20:07:18.765Z"}
{"level":"info","message":"⌛ Validating elPadrino/padrino2.wlk","timeElapsed":214,"timestamp":"2024-12-12T20:07:19.021Z"}
{"level":"info","message":"⌛ Building environment","timeElapsed":163,"timestamp":"2024-12-12T20:07:19.185Z"}
{"level":"info","message":"⌛ Building environment","timeElapsed":159,"timestamp":"2024-12-12T20:07:19.344Z"}
{"level":"info","message":"⌛ Validating elPadrino/padrino2.wlk","timeElapsed":219,"timestamp":"2024-12-12T20:07:19.563Z"}
{"level":"info","message":"⌛ Validating elPadrino/padrino2.wlk","timeElapsed":217,"timestamp":"2024-12-12T20:07:19.789Z"}
{"level":"info","message":"⌛ Validating elPadrino/padrino2.wlk","timeElapsed":217,"timestamp":"2024-12-12T20:07:20.007Z"}
{"level":"info","message":"⌛ Validating elPadrino/padrino2.wlk","timeElapsed":213,"timestamp":"2024-12-12T20:07:20.220Z"}
{"level":"info","message":"⌛ Building environment","timeElapsed":160,"timestamp":"2024-12-12T20:07:20.380Z"}
{"level":"info","message":"⌛ Validating elPadrino/padrino2.wlk","timeElapsed":216,"timestamp":"2024-12-12T20:07:20.597Z"}
{"level":"info","message":"⌛ Validating elPadrino/padrino2.wlk","timeElapsed":215,"timestamp":"2024-12-12T20:07:20.821Z"}
{"level":"info","message":"⌛ Validating elPadrino/padrino2.wlk","timeElapsed":217,"timestamp":"2024-12-12T20:07:21.039Z"}
{"level":"info","message":"⌛ Validating elPadrino/padrino2.wlk","timeElapsed":213,"timestamp":"2024-12-12T20:07:21.252Z"}
{"level":"info","message":"⌛ Building environment","timeElapsed":159,"timestamp":"2024-12-12T20:07:21.412Z"}
{"level":"info","message":"⌛ Building environment","timeElapsed":159,"timestamp":"2024-12-12T20:07:21.571Z"}
{"level":"info","message":"⌛ Validating elPadrino/padrino2.wlk","timeElapsed":214,"timestamp":"2024-12-12T20:07:21.786Z"}
{"level":"info","message":"⌛ Building environment","timeElapsed":157,"timestamp":"2024-12-12T20:07:21.943Z"}
{"level":"info","message":"⌛ Validating elPadrino/padrino2.wlk","timeElapsed":214,"timestamp":"2024-12-12T20:07:22.157Z"}
{"level":"info","message":"⌛ Building environment","timeElapsed":338,"timestamp":"2024-12-12T20:07:22.496Z"}
{"level":"error","message":"✘ Completions for node failed: Error: [Parameter]{8f6658} at elPadrino/padrino2.wlk:6 exhausted all cases without a match [Parameter]{8f6658} at elPadrino/padrino2.wlk:6 exhausted all cases without a match","stack":"Error: [Parameter]{8f6658} at elPadrino/padrino2.wlk:6 exhausted all cases without a match\n    at c:\\Users\\Usuario\\.vscode\\extensions\\uqbar.wollok-lsp-ide-0.4.0\\out\\server\\src\\server.js:38:6142\n    at Lh (c:\\Users\\Usuario\\.vscode\\extensions\\uqbar.wollok-lsp-ide-0.4.0\\out\\server\\src\\server.js:2322:42)\n    at c:\\Users\\Usuario\\.vscode\\extensions\\uqbar.wollok-lsp-ide-0.4.0\\out\\server\\src\\server.js:2322:2700\n    at c:\\Users\\Usuario\\.vscode\\extensions\\uqbar.wollok-lsp-ide-0.4.0\\out\\server\\src\\server.js:2329:3736\n    at c:\\Users\\Usuario\\.vscode\\extensions\\uqbar.wollok-lsp-ide-0.4.0\\out\\server\\src\\server.js:37:74872\n    at He (c:\\Users\\Usuario\\.vscode\\extensions\\uqbar.wollok-lsp-ide-0.4.0\\out\\server\\src\\server.js:7:8527)\n    at Ct (c:\\Users\\Usuario\\.vscode\\extensions\\uqbar.wollok-lsp-ide-0.4.0\\out\\server\\src\\server.js:7:6189)\n    at Qi (c:\\Users\\Usuario\\.vscode\\extensions\\uqbar.wollok-lsp-ide-0.4.0\\out\\server\\src\\server.js:7:6378)\n    at Immediate._onImmediate (c:\\Users\\Usuario\\.vscode\\extensions\\uqbar.wollok-lsp-ide-0.4.0\\out\\server\\src\\server.js:7:6142)\n    at process.processImmediate (node:internal/timers:483:21)","timestamp":"2024-12-12T20:07:22.531Z"}
{"level":"info","message":"⌛ Building environment","timeElapsed":160,"timestamp":"2024-12-12T20:07:22.696Z"}
{"level":"info","message":"⌛ Building environment","timeElapsed":158,"timestamp":"2024-12-12T20:07:22.855Z"}
{"level":"info","message":"⌛ Validating elPadrino/padrino2.wlk","timeElapsed":215,"timestamp":"2024-12-12T20:07:23.070Z"}
{"level":"info","message":"⌛ Validating elPadrino/padrino2.wlk","timeElapsed":214,"timestamp":"2024-12-12T20:07:23.284Z"}
{"level":"info","message":"⌛ Building environment","timeElapsed":160,"timestamp":"2024-12-12T20:07:23.452Z"}
{"level":"info","message":"⌛ Building environment","timeElapsed":160,"timestamp":"2024-12-12T20:07:23.612Z"}
{"level":"info","message":"⌛ Building environment","timeElapsed":159,"timestamp":"2024-12-12T20:07:23.771Z"}
{"level":"error","message":"✘ Completions for node failed: Error: [Parameter]{bc1aa3} at elPadrino/padrino2.wlk:6 exhausted all cases without a match [Parameter]{bc1aa3} at elPadrino/padrino2.wlk:6 exhausted all cases without a match","stack":"Error: [Parameter]{bc1aa3} at elPadrino/padrino2.wlk:6 exhausted all cases without a match\n    at c:\\Users\\Usuario\\.vscode\\extensions\\uqbar.wollok-lsp-ide-0.4.0\\out\\server\\src\\server.js:38:6142\n    at Lh (c:\\Users\\Usuario\\.vscode\\extensions\\uqbar.wollok-lsp-ide-0.4.0\\out\\server\\src\\server.js:2322:42)\n    at c:\\Users\\Usuario\\.vscode\\extensions\\uqbar.wollok-lsp-ide-0.4.0\\out\\server\\src\\server.js:2322:2700\n    at c:\\Users\\Usuario\\.vscode\\extensions\\uqbar.wollok-lsp-ide-0.4.0\\out\\server\\src\\server.js:2329:3736\n    at c:\\Users\\Usuario\\.vscode\\extensions\\uqbar.wollok-lsp-ide-0.4.0\\out\\server\\src\\server.js:37:74872\n    at He (c:\\Users\\Usuario\\.vscode\\extensions\\uqbar.wollok-lsp-ide-0.4.0\\out\\server\\src\\server.js:7:8527)\n    at Ct (c:\\Users\\Usuario\\.vscode\\extensions\\uqbar.wollok-lsp-ide-0.4.0\\out\\server\\src\\server.js:7:6189)\n    at Qi (c:\\Users\\Usuario\\.vscode\\extensions\\uqbar.wollok-lsp-ide-0.4.0\\out\\server\\src\\server.js:7:6378)\n    at Immediate._onImmediate (c:\\Users\\Usuario\\.vscode\\extensions\\uqbar.wollok-lsp-ide-0.4.0\\out\\server\\src\\server.js:7:6142)\n    at process.processImmediate (node:internal/timers:483:21)","timestamp":"2024-12-12T20:07:23.808Z"}
{"level":"info","message":"⌛ Validating elPadrino/padrino2.wlk","timeElapsed":211,"timestamp":"2024-12-12T20:07:24.023Z"}
{"level":"info","message":"⌛ Validating elPadrino/padrino2.wlk","timeElapsed":218,"timestamp":"2024-12-12T20:07:24.242Z"}
{"level":"info","message":"⌛ Validating elPadrino/padrino2.wlk","timeElapsed":218,"timestamp":"2024-12-12T20:07:24.461Z"}
{"level":"info","message":"⌛ Validating elPadrino/padrino2.wlk","timeElapsed":231,"timestamp":"2024-12-12T20:07:24.693Z"}
{"level":"info","message":"⌛ Validating elPadrino/padrino2.wlk","timeElapsed":214,"timestamp":"2024-12-12T20:07:24.908Z"}
{"level":"info","message":"⌛ Validating elPadrino/padrino2.wlk","timeElapsed":213,"timestamp":"2024-12-12T20:07:25.121Z"}
{"level":"info","message":"⌛ Validating elPadrino/padrino2.wlk","timeElapsed":217,"timestamp":"2024-12-12T20:07:25.339Z"}
{"level":"info","message":"⌛ Validating elPadrino/padrino2.wlk","timeElapsed":216,"timestamp":"2024-12-12T20:07:25.555Z"}
{"level":"info","message":"⌛ Validating elPadrino/padrino2.wlk","timeElapsed":215,"timestamp":"2024-12-12T20:07:25.770Z"}
{"level":"info","message":"⌛ Validating elPadrino/padrino2.wlk","timeElapsed":214,"timestamp":"2024-12-12T20:07:25.984Z"}
{"level":"info","message":"⌛ Building environment","timeElapsed":160,"timestamp":"2024-12-12T20:07:26.145Z"}
{"level":"info","message":"⌛ Building environment","timeElapsed":164,"timestamp":"2024-12-12T20:07:26.309Z"}
{"level":"error","message":"✘ Completions for node failed: Error: [Parameter]{e58d28} at elPadrino/padrino2.wlk:6 exhausted all cases without a match [Parameter]{e58d28} at elPadrino/padrino2.wlk:6 exhausted all cases without a match","stack":"Error: [Parameter]{e58d28} at elPadrino/padrino2.wlk:6 exhausted all cases without a match\n    at c:\\Users\\Usuario\\.vscode\\extensions\\uqbar.wollok-lsp-ide-0.4.0\\out\\server\\src\\server.js:38:6142\n    at Lh (c:\\Users\\Usuario\\.vscode\\extensions\\uqbar.wollok-lsp-ide-0.4.0\\out\\server\\src\\server.js:2322:42)\n    at c:\\Users\\Usuario\\.vscode\\extensions\\uqbar.wollok-lsp-ide-0.4.0\\out\\server\\src\\server.js:2322:2700\n    at c:\\Users\\Usuario\\.vscode\\extensions\\uqbar.wollok-lsp-ide-0.4.0\\out\\server\\src\\server.js:2329:3736\n    at c:\\Users\\Usuario\\.vscode\\extensions\\uqbar.wollok-lsp-ide-0.4.0\\out\\server\\src\\server.js:37:74872\n    at He (c:\\Users\\Usuario\\.vscode\\extensions\\uqbar.wollok-lsp-ide-0.4.0\\out\\server\\src\\server.js:7:8527)\n    at Ct (c:\\Users\\Usuario\\.vscode\\extensions\\uqbar.wollok-lsp-ide-0.4.0\\out\\server\\src\\server.js:7:6189)\n    at Qi (c:\\Users\\Usuario\\.vscode\\extensions\\uqbar.wollok-lsp-ide-0.4.0\\out\\server\\src\\server.js:7:6378)\n    at Immediate._onImmediate (c:\\Users\\Usuario\\.vscode\\extensions\\uqbar.wollok-lsp-ide-0.4.0\\out\\server\\src\\server.js:7:6142)\n    at process.processImmediate (node:internal/timers:483:21)","timestamp":"2024-12-12T20:07:26.344Z"}
{"level":"info","message":"⌛ Building environment","timeElapsed":160,"timestamp":"2024-12-12T20:07:26.509Z"}
{"level":"info","message":"⌛ Building environment","timeElapsed":194,"timestamp":"2024-12-12T20:07:26.703Z"}
{"level":"info","message":"⌛ Building environment","timeElapsed":160,"timestamp":"2024-12-12T20:07:26.863Z"}
{"level":"info","message":"⌛ Building environment","timeElapsed":165,"timestamp":"2024-12-12T20:07:27.028Z"}
{"level":"info","message":"⌛ Validating elPadrino/padrino2.wlk","timeElapsed":214,"timestamp":"2024-12-12T20:07:27.251Z"}
{"level":"info","message":"⌛ Validating elPadrino/padrino2.wlk","timeElapsed":215,"timestamp":"2024-12-12T20:07:27.467Z"}
{"level":"info","message":"⌛ Validating elPadrino/padrino2.wlk","timeElapsed":215,"timestamp":"2024-12-12T20:07:27.683Z"}
{"level":"info","message":"⌛ Validating elPadrino/padrino2.wlk","timeElapsed":217,"timestamp":"2024-12-12T20:07:27.901Z"}
{"level":"info","message":"⌛ Validating elPadrino/padrino2.wlk","timeElapsed":222,"timestamp":"2024-12-12T20:07:28.124Z"}
{"level":"info","message":"⌛ Building environment","timeElapsed":164,"timestamp":"2024-12-12T20:07:28.290Z"}
{"level":"info","message":"⌛ Building environment","timeElapsed":162,"timestamp":"2024-12-12T20:07:28.452Z"}
{"level":"info","message":"⌛ Validating elPadrino/padrino2.wlk","timeElapsed":218,"timestamp":"2024-12-12T20:07:28.670Z"}
{"level":"info","message":"⌛ Validating elPadrino/padrino2.wlk","timeElapsed":224,"timestamp":"2024-12-12T20:07:28.903Z"}
{"level":"info","message":"⌛ Validating elPadrino/padrino2.wlk","timeElapsed":220,"timestamp":"2024-12-12T20:07:29.123Z"}
{"level":"info","message":"⌛ Building environment","timeElapsed":231,"timestamp":"2024-12-12T20:07:57.822Z"}
{"level":"info","message":"⌛ Validating elPadrino/padrino2.wlk","timeElapsed":250,"timestamp":"2024-12-12T20:07:58.073Z"}
{"level":"info","message":"⌛ Building environment","timeElapsed":190,"timestamp":"2024-12-12T20:08:28.445Z"}
{"level":"info","message":"⌛ Building environment","timeElapsed":172,"timestamp":"2024-12-12T20:08:28.657Z"}
{"level":"info","message":"⌛ Validating elPadrino/padrino2.wlk","timeElapsed":241,"timestamp":"2024-12-12T20:08:28.898Z"}
{"level":"info","message":"onRequest - completionItem/resolve","timestamp":"2024-12-12T20:08:28.898Z"}
{"level":"info","message":"⌛ Building environment","timeElapsed":189,"timestamp":"2024-12-12T20:08:29.088Z"}
{"level":"info","message":"onRequest - completionItem/resolve","timestamp":"2024-12-12T20:08:29.088Z"}
{"level":"info","message":"⌛ Validating elPadrino/padrino2.wlk","timeElapsed":212,"timestamp":"2024-12-12T20:08:29.301Z"}
{"level":"info","message":"⌛ Building environment","timeElapsed":162,"timestamp":"2024-12-12T20:08:29.462Z"}
{"level":"info","message":"onRequest - completionItem/resolve","timestamp":"2024-12-12T20:08:29.463Z"}
{"level":"info","message":"⌛ Building environment","timeElapsed":210,"timestamp":"2024-12-12T20:08:29.673Z"}
{"level":"info","message":"onRequest - completionItem/resolve","timestamp":"2024-12-12T20:08:29.674Z"}
{"level":"info","message":"⌛ Building environment","timeElapsed":163,"timestamp":"2024-12-12T20:08:29.838Z"}
{"level":"info","message":"onRequest - completionItem/resolve","timestamp":"2024-12-12T20:08:29.839Z"}
{"level":"info","message":"⌛ Validating elPadrino/padrino2.wlk","timeElapsed":214,"timestamp":"2024-12-12T20:08:30.053Z"}
{"level":"info","message":"⌛ Building environment","timeElapsed":161,"timestamp":"2024-12-12T20:08:30.223Z"}
{"level":"info","message":"onRequest - completionItem/resolve","timestamp":"2024-12-12T20:08:30.224Z"}
{"level":"info","message":"⌛ Validating elPadrino/padrino2.wlk","timeElapsed":213,"timestamp":"2024-12-12T20:08:30.437Z"}
{"level":"info","message":"⌛ Validating elPadrino/padrino2.wlk","timeElapsed":212,"timestamp":"2024-12-12T20:08:30.650Z"}
{"level":"info","message":"⌛ Building environment","timeElapsed":160,"timestamp":"2024-12-12T20:08:30.819Z"}
{"level":"info","message":"onRequest - completionItem/resolve","timestamp":"2024-12-12T20:08:30.819Z"}
{"level":"info","message":"⌛ Building environment","timeElapsed":192,"timestamp":"2024-12-12T20:08:31.020Z"}
{"level":"info","message":"onRequest - completionItem/resolve","timestamp":"2024-12-12T20:08:31.020Z"}
{"level":"info","message":"⌛ Validating elPadrino/padrino2.wlk","timeElapsed":213,"timestamp":"2024-12-12T20:08:31.232Z"}
{"level":"info","message":"⌛ Building environment","timeElapsed":190,"timestamp":"2024-12-12T20:08:31.422Z"}
{"level":"info","message":"⌛ Building environment","timeElapsed":156,"timestamp":"2024-12-12T20:08:31.653Z"}
{"level":"info","message":"⌛ Validating elPadrino/padrino2.wlk","timeElapsed":210,"timestamp":"2024-12-12T20:08:31.864Z"}
{"level":"info","message":"⌛ Building environment","timeElapsed":160,"timestamp":"2024-12-12T20:08:32.025Z"}
{"level":"info","message":"⌛ Building environment","timeElapsed":156,"timestamp":"2024-12-12T20:08:32.190Z"}
{"level":"info","message":"⌛ Validating elPadrino/padrino2.wlk","timeElapsed":209,"timestamp":"2024-12-12T20:08:32.400Z"}
{"level":"info","message":"⌛ Validating elPadrino/padrino2.wlk","timeElapsed":210,"timestamp":"2024-12-12T20:08:32.611Z"}
{"level":"info","message":"⌛ Validating elPadrino/padrino2.wlk","timeElapsed":214,"timestamp":"2024-12-12T20:08:32.833Z"}
{"level":"info","message":"⌛ Validating elPadrino/padrino2.wlk","timeElapsed":219,"timestamp":"2024-12-12T20:08:33.052Z"}
{"level":"info","message":"⌛ Validating elPadrino/padrino2.wlk","timeElapsed":214,"timestamp":"2024-12-12T20:08:33.267Z"}
{"level":"info","message":"⌛ Validating elPadrino/padrino2.wlk","timeElapsed":215,"timestamp":"2024-12-12T20:08:33.483Z"}
{"level":"info","message":"⌛ Building environment","timeElapsed":162,"timestamp":"2024-12-12T20:08:37.762Z"}
{"level":"info","message":"⌛ Building environment","timeElapsed":158,"timestamp":"2024-12-12T20:08:37.920Z"}
{"level":"info","message":"⌛ Validating elPadrino/padrino2.wlk","timeElapsed":211,"timestamp":"2024-12-12T20:08:38.132Z"}
{"level":"info","message":"⌛ Validating elPadrino/padrino2.wlk","timeElapsed":215,"timestamp":"2024-12-12T20:08:38.347Z"}
{"level":"info","message":"⌛ Building environment","timeElapsed":179,"timestamp":"2024-12-12T20:08:38.535Z"}
{"level":"info","message":"⌛ Validating elPadrino/padrino2.wlk","timeElapsed":214,"timestamp":"2024-12-12T20:08:38.757Z"}
{"level":"info","message":"⌛ Building environment","timeElapsed":212,"timestamp":"2024-12-12T20:08:38.969Z"}
{"level":"info","message":"⌛ Building environment","timeElapsed":196,"timestamp":"2024-12-12T20:08:39.165Z"}
{"level":"info","message":"⌛ Building environment","timeElapsed":275,"timestamp":"2024-12-12T20:08:39.442Z"}
{"level":"info","message":"⌛ Building environment","timeElapsed":255,"timestamp":"2024-12-12T20:08:39.699Z"}
{"level":"info","message":"⌛ Validating elPadrino/padrino2.wlk","timeElapsed":223,"timestamp":"2024-12-12T20:08:39.924Z"}
{"level":"info","message":"⌛ Building environment","timeElapsed":162,"timestamp":"2024-12-12T20:08:40.086Z"}
{"level":"info","message":"⌛ Building environment","timeElapsed":160,"timestamp":"2024-12-12T20:08:40.246Z"}
{"level":"info","message":"⌛ Validating elPadrino/padrino2.wlk","timeElapsed":216,"timestamp":"2024-12-12T20:08:40.463Z"}
{"level":"info","message":"⌛ Validating elPadrino/padrino2.wlk","timeElapsed":217,"timestamp":"2024-12-12T20:08:40.681Z"}
{"level":"info","message":"⌛ Building environment","timeElapsed":157,"timestamp":"2024-12-12T20:08:40.847Z"}
{"level":"info","message":"⌛ Building environment","timeElapsed":157,"timestamp":"2024-12-12T20:08:41.004Z"}
{"level":"info","message":"⌛ Validating elPadrino/padrino2.wlk","timeElapsed":213,"timestamp":"2024-12-12T20:08:41.218Z"}
{"level":"info","message":"⌛ Validating elPadrino/padrino2.wlk","timeElapsed":217,"timestamp":"2024-12-12T20:08:41.443Z"}
{"level":"info","message":"⌛ Validating elPadrino/padrino2.wlk","timeElapsed":213,"timestamp":"2024-12-12T20:08:41.657Z"}
{"level":"info","message":"⌛ Building environment","timeElapsed":158,"timestamp":"2024-12-12T20:08:41.816Z"}
{"level":"info","message":"⌛ Building environment","timeElapsed":161,"timestamp":"2024-12-12T20:08:41.978Z"}
{"level":"info","message":"⌛ Building environment","timeElapsed":159,"timestamp":"2024-12-12T20:08:42.137Z"}
{"level":"info","message":"⌛ Validating elPadrino/padrino2.wlk","timeElapsed":217,"timestamp":"2024-12-12T20:08:42.354Z"}
{"level":"info","message":"⌛ Validating elPadrino/padrino2.wlk","timeElapsed":217,"timestamp":"2024-12-12T20:08:42.570Z"}
{"level":"info","message":"⌛ Building environment","timeElapsed":164,"timestamp":"2024-12-12T20:08:42.743Z"}
{"level":"info","message":"⌛ Validating elPadrino/padrino2.wlk","timeElapsed":217,"timestamp":"2024-12-12T20:08:43.003Z"}
{"level":"info","message":"⌛ Validating elPadrino/padrino2.wlk","timeElapsed":214,"timestamp":"2024-12-12T20:08:43.217Z"}
{"level":"info","message":"⌛ Validating elPadrino/padrino2.wlk","timeElapsed":220,"timestamp":"2024-12-12T20:08:43.437Z"}
{"level":"info","message":"⌛ Validating elPadrino/padrino2.wlk","timeElapsed":212,"timestamp":"2024-12-12T20:08:43.650Z"}
{"level":"info","message":"⌛ Building environment","timeElapsed":162,"timestamp":"2024-12-12T20:08:45.308Z"}
{"level":"info","message":"⌛ Validating elPadrino/padrino2.wlk","timeElapsed":216,"timestamp":"2024-12-12T20:08:45.525Z"}
{"level":"info","message":"⌛ Building environment","timeElapsed":165,"timestamp":"2024-12-12T20:08:56.604Z"}
{"level":"info","message":"⌛ Building environment","timeElapsed":376,"timestamp":"2024-12-12T20:08:57.021Z"}
{"level":"info","message":"⌛ Validating elPadrino/padrino2.wlk","timeElapsed":215,"timestamp":"2024-12-12T20:08:57.238Z"}
{"level":"info","message":"onRequest - completionItem/resolve","timestamp":"2024-12-12T20:08:57.238Z"}
{"level":"info","message":"⌛ Building environment","timeElapsed":161,"timestamp":"2024-12-12T20:08:57.400Z"}
{"level":"info","message":"onRequest - completionItem/resolve","timestamp":"2024-12-12T20:08:57.400Z"}
{"level":"info","message":"⌛ Building environment","timeElapsed":160,"timestamp":"2024-12-12T20:08:57.561Z"}
{"level":"info","message":"onRequest - completionItem/resolve","timestamp":"2024-12-12T20:08:57.561Z"}
{"level":"info","message":"⌛ Validating elPadrino/padrino2.wlk","timeElapsed":218,"timestamp":"2024-12-12T20:08:57.779Z"}
{"level":"info","message":"⌛ Validating elPadrino/padrino2.wlk","timeElapsed":217,"timestamp":"2024-12-12T20:08:58.004Z"}
{"level":"info","message":"⌛ Validating elPadrino/padrino2.wlk","timeElapsed":218,"timestamp":"2024-12-12T20:08:58.223Z"}
{"level":"info","message":"⌛ Building environment","timeElapsed":163,"timestamp":"2024-12-12T20:08:58.386Z"}
{"level":"info","message":"onRequest - completionItem/resolve","timestamp":"2024-12-12T20:08:58.387Z"}
{"level":"info","message":"⌛ Building environment","timeElapsed":163,"timestamp":"2024-12-12T20:08:58.551Z"}
{"level":"info","message":"onRequest - completionItem/resolve","timestamp":"2024-12-12T20:08:58.551Z"}
{"level":"info","message":"⌛ Building environment","timeElapsed":161,"timestamp":"2024-12-12T20:08:58.713Z"}
{"level":"info","message":"onRequest - completionItem/resolve","timestamp":"2024-12-12T20:08:58.713Z"}
{"level":"info","message":"⌛ Building environment","timeElapsed":159,"timestamp":"2024-12-12T20:08:58.873Z"}
{"level":"info","message":"⌛ Building environment","timeElapsed":160,"timestamp":"2024-12-12T20:08:59.073Z"}
{"level":"info","message":"⌛ Validating elPadrino/padrino2.wlk","timeElapsed":217,"timestamp":"2024-12-12T20:08:59.290Z"}
{"level":"info","message":"⌛ Building environment","timeElapsed":166,"timestamp":"2024-12-12T20:08:59.455Z"}
{"level":"info","message":"⌛ Validating elPadrino/padrino2.wlk","timeElapsed":218,"timestamp":"2024-12-12T20:08:59.675Z"}
{"level":"info","message":"⌛ Validating elPadrino/padrino2.wlk","timeElapsed":214,"timestamp":"2024-12-12T20:08:59.890Z"}
{"level":"info","message":"⌛ Validating elPadrino/padrino2.wlk","timeElapsed":217,"timestamp":"2024-12-12T20:09:00.115Z"}
{"level":"info","message":"⌛ Validating elPadrino/padrino2.wlk","timeElapsed":215,"timestamp":"2024-12-12T20:09:00.331Z"}
{"level":"info","message":"⌛ Validating elPadrino/padrino2.wlk","timeElapsed":214,"timestamp":"2024-12-12T20:09:00.546Z"}
{"level":"info","message":"⌛ Building environment","timeElapsed":161,"timestamp":"2024-12-12T20:09:09.933Z"}
{"level":"info","message":"⌛ Validating elPadrino/padrino2.wlk","timeElapsed":220,"timestamp":"2024-12-12T20:09:10.153Z"}
{"level":"info","message":"⌛ Building environment","timeElapsed":162,"timestamp":"2024-12-12T20:09:10.315Z"}
{"level":"info","message":"⌛ Building environment","timeElapsed":183,"timestamp":"2024-12-12T20:09:10.499Z"}
{"level":"info","message":"⌛ Validating elPadrino/padrino2.wlk","timeElapsed":215,"timestamp":"2024-12-12T20:09:10.714Z"}
{"level":"info","message":"⌛ Building environment","timeElapsed":160,"timestamp":"2024-12-12T20:09:10.875Z"}
{"level":"info","message":"⌛ Validating elPadrino/padrino2.wlk","timeElapsed":243,"timestamp":"2024-12-12T20:09:11.118Z"}
{"level":"info","message":"⌛ Validating elPadrino/padrino2.wlk","timeElapsed":219,"timestamp":"2024-12-12T20:09:11.347Z"}
{"level":"info","message":"⌛ Building environment","timeElapsed":163,"timestamp":"2024-12-12T20:09:11.511Z"}
{"level":"info","message":"⌛ Building environment","timeElapsed":163,"timestamp":"2024-12-12T20:09:11.674Z"}
{"level":"info","message":"⌛ Building environment","timeElapsed":163,"timestamp":"2024-12-12T20:09:11.838Z"}
{"level":"info","message":"⌛ Building environment","timeElapsed":160,"timestamp":"2024-12-12T20:09:11.998Z"}
{"level":"info","message":"⌛ Validating elPadrino/padrino2.wlk","timeElapsed":218,"timestamp":"2024-12-12T20:09:12.217Z"}
{"level":"info","message":"⌛ Building environment","timeElapsed":162,"timestamp":"2024-12-12T20:09:12.379Z"}
{"level":"info","message":"⌛ Validating elPadrino/padrino2.wlk","timeElapsed":219,"timestamp":"2024-12-12T20:09:12.599Z"}
{"level":"info","message":"⌛ Building environment","timeElapsed":163,"timestamp":"2024-12-12T20:09:12.762Z"}
{"level":"info","message":"⌛ Validating elPadrino/padrino2.wlk","timeElapsed":218,"timestamp":"2024-12-12T20:09:12.980Z"}
{"level":"info","message":"⌛ Building environment","timeElapsed":159,"timestamp":"2024-12-12T20:09:13.140Z"}
{"level":"info","message":"⌛ Validating elPadrino/padrino2.wlk","timeElapsed":221,"timestamp":"2024-12-12T20:09:13.363Z"}
{"level":"info","message":"⌛ Building environment","timeElapsed":162,"timestamp":"2024-12-12T20:09:13.526Z"}
{"level":"info","message":"⌛ Building environment","timeElapsed":162,"timestamp":"2024-12-12T20:09:13.688Z"}
{"level":"info","message":"⌛ Building environment","timeElapsed":162,"timestamp":"2024-12-12T20:09:13.850Z"}
{"level":"info","message":"⌛ Validating elPadrino/padrino2.wlk","timeElapsed":216,"timestamp":"2024-12-12T20:09:14.066Z"}
{"level":"info","message":"⌛ Building environment","timeElapsed":405,"timestamp":"2024-12-12T20:09:14.472Z"}
{"level":"info","message":"⌛ Building environment","timeElapsed":509,"timestamp":"2024-12-12T20:09:14.982Z"}
{"level":"info","message":"⌛ Building environment","timeElapsed":180,"timestamp":"2024-12-12T20:09:15.163Z"}
{"level":"info","message":"⌛ Validating elPadrino/padrino2.wlk","timeElapsed":220,"timestamp":"2024-12-12T20:09:15.383Z"}
{"level":"info","message":"⌛ Building environment","timeElapsed":168,"timestamp":"2024-12-12T20:09:15.552Z"}
{"level":"info","message":"⌛ Validating elPadrino/padrino2.wlk","timeElapsed":215,"timestamp":"2024-12-12T20:09:15.767Z"}
{"level":"info","message":"⌛ Validating elPadrino/padrino2.wlk","timeElapsed":217,"timestamp":"2024-12-12T20:09:15.993Z"}
{"level":"info","message":"⌛ Validating elPadrino/padrino2.wlk","timeElapsed":219,"timestamp":"2024-12-12T20:09:16.212Z"}
{"level":"info","message":"⌛ Validating elPadrino/padrino2.wlk","timeElapsed":215,"timestamp":"2024-12-12T20:09:16.427Z"}
{"level":"info","message":"⌛ Validating elPadrino/padrino2.wlk","timeElapsed":214,"timestamp":"2024-12-12T20:09:16.643Z"}
{"level":"info","message":"⌛ Validating elPadrino/padrino2.wlk","timeElapsed":215,"timestamp":"2024-12-12T20:09:16.859Z"}
{"level":"info","message":"⌛ Validating elPadrino/padrino2.wlk","timeElapsed":212,"timestamp":"2024-12-12T20:09:17.072Z"}
{"level":"info","message":"⌛ Validating elPadrino/padrino2.wlk","timeElapsed":217,"timestamp":"2024-12-12T20:09:17.290Z"}
{"level":"info","message":"⌛ Building environment","timeElapsed":186,"timestamp":"2024-12-12T20:09:30.525Z"}
{"level":"info","message":"⌛ Validating elPadrino/padrino2.wlk","timeElapsed":335,"timestamp":"2024-12-12T20:09:30.861Z"}
{"level":"info","message":"⌛ Building environment","timeElapsed":208,"timestamp":"2024-12-12T20:09:35.547Z"}
{"level":"info","message":"⌛ Validating elPadrino/padrino2.wlk","timeElapsed":210,"timestamp":"2024-12-12T20:09:35.758Z"}
{"level":"info","message":"⌛ Building environment","timeElapsed":193,"timestamp":"2024-12-12T20:09:36.848Z"}
{"level":"info","message":"⌛ Building environment","timeElapsed":159,"timestamp":"2024-12-12T20:09:37.056Z"}
{"level":"info","message":"⌛ Validating elPadrino/padrino2.wlk","timeElapsed":212,"timestamp":"2024-12-12T20:09:37.270Z"}
{"level":"info","message":"⌛ Building environment","timeElapsed":206,"timestamp":"2024-12-12T20:09:37.475Z"}
{"level":"info","message":"onRequest - completionItem/resolve","timestamp":"2024-12-12T20:09:37.476Z"}
{"level":"info","message":"⌛ Building environment","timeElapsed":160,"timestamp":"2024-12-12T20:09:37.636Z"}
{"level":"info","message":"onRequest - completionItem/resolve","timestamp":"2024-12-12T20:09:37.636Z"}
{"level":"info","message":"⌛ Validating elPadrino/padrino2.wlk","timeElapsed":222,"timestamp":"2024-12-12T20:09:37.859Z"}
{"level":"info","message":"⌛ Building environment","timeElapsed":164,"timestamp":"2024-12-12T20:09:38.023Z"}
{"level":"info","message":"onRequest - completionItem/resolve","timestamp":"2024-12-12T20:09:38.023Z"}
{"level":"info","message":"⌛ Building environment","timeElapsed":177,"timestamp":"2024-12-12T20:09:38.201Z"}
{"level":"info","message":"onRequest - completionItem/resolve","timestamp":"2024-12-12T20:09:38.203Z"}
{"level":"info","message":"⌛ Building environment","timeElapsed":184,"timestamp":"2024-12-12T20:09:38.387Z"}
{"level":"info","message":"onRequest - completionItem/resolve","timestamp":"2024-12-12T20:09:38.388Z"}
{"level":"info","message":"⌛ Building environment","timeElapsed":175,"timestamp":"2024-12-12T20:09:38.562Z"}
{"level":"info","message":"onRequest - completionItem/resolve","timestamp":"2024-12-12T20:09:38.562Z"}
{"level":"info","message":"⌛ Validating elPadrino/padrino2.wlk","timeElapsed":215,"timestamp":"2024-12-12T20:09:38.778Z"}
{"level":"info","message":"⌛ Building environment","timeElapsed":197,"timestamp":"2024-12-12T20:09:38.975Z"}
{"level":"info","message":"onRequest - completionItem/resolve","timestamp":"2024-12-12T20:09:38.975Z"}
{"level":"info","message":"⌛ Building environment","timeElapsed":156,"timestamp":"2024-12-12T20:09:39.131Z"}
{"level":"info","message":"onRequest - completionItem/resolve","timestamp":"2024-12-12T20:09:39.132Z"}
{"level":"info","message":"⌛ Validating elPadrino/padrino2.wlk","timeElapsed":212,"timestamp":"2024-12-12T20:09:39.344Z"}
{"level":"info","message":"⌛ Building environment","timeElapsed":157,"timestamp":"2024-12-12T20:09:39.501Z"}
{"level":"info","message":"⌛ Validating elPadrino/padrino2.wlk","timeElapsed":213,"timestamp":"2024-12-12T20:09:39.764Z"}
{"level":"info","message":"⌛ Building environment","timeElapsed":157,"timestamp":"2024-12-12T20:09:39.921Z"}
{"level":"info","message":"⌛ Validating elPadrino/padrino2.wlk","timeElapsed":212,"timestamp":"2024-12-12T20:09:40.133Z"}
{"level":"info","message":"⌛ Validating elPadrino/padrino2.wlk","timeElapsed":217,"timestamp":"2024-12-12T20:09:40.350Z"}
{"level":"info","message":"⌛ Building environment","timeElapsed":159,"timestamp":"2024-12-12T20:09:40.517Z"}
{"level":"info","message":"⌛ Validating elPadrino/padrino2.wlk","timeElapsed":211,"timestamp":"2024-12-12T20:09:40.729Z"}
{"level":"info","message":"⌛ Building environment","timeElapsed":156,"timestamp":"2024-12-12T20:09:40.886Z"}
{"level":"info","message":"⌛ Building environment","timeElapsed":157,"timestamp":"2024-12-12T20:09:41.044Z"}
{"level":"info","message":"⌛ Validating elPadrino/padrino2.wlk","timeElapsed":292,"timestamp":"2024-12-12T20:09:41.336Z"}
{"level":"info","message":"⌛ Validating elPadrino/padrino2.wlk","timeElapsed":210,"timestamp":"2024-12-12T20:09:41.547Z"}
{"level":"info","message":"⌛ Building environment","timeElapsed":232,"timestamp":"2024-12-12T20:09:41.786Z"}
{"level":"info","message":"⌛ Building environment","timeElapsed":160,"timestamp":"2024-12-12T20:09:41.955Z"}
{"level":"info","message":"⌛ Validating elPadrino/padrino2.wlk","timeElapsed":206,"timestamp":"2024-12-12T20:09:42.163Z"}
{"level":"info","message":"⌛ Building environment","timeElapsed":162,"timestamp":"2024-12-12T20:09:42.324Z"}
{"level":"info","message":"⌛ Validating elPadrino/padrino2.wlk","timeElapsed":209,"timestamp":"2024-12-12T20:09:42.541Z"}
{"level":"info","message":"⌛ Building environment","timeElapsed":159,"timestamp":"2024-12-12T20:09:42.701Z"}
{"level":"info","message":"⌛ Building environment","timeElapsed":159,"timestamp":"2024-12-12T20:09:42.861Z"}
{"level":"error","message":"✘ Completions for node failed: Error: [Send]{228146} at elPadrino/padrino2.wlk:7 exhausted all cases without a match [Send]{228146} at elPadrino/padrino2.wlk:7 exhausted all cases without a match","stack":"Error: [Send]{228146} at elPadrino/padrino2.wlk:7 exhausted all cases without a match\n    at c:\\Users\\Usuario\\.vscode\\extensions\\uqbar.wollok-lsp-ide-0.4.0\\out\\server\\src\\server.js:38:6142\n    at Lh (c:\\Users\\Usuario\\.vscode\\extensions\\uqbar.wollok-lsp-ide-0.4.0\\out\\server\\src\\server.js:2322:42)\n    at Fh (c:\\Users\\Usuario\\.vscode\\extensions\\uqbar.wollok-lsp-ide-0.4.0\\out\\server\\src\\server.js:2322:1004)\n    at A9n (c:\\Users\\Usuario\\.vscode\\extensions\\uqbar.wollok-lsp-ide-0.4.0\\out\\server\\src\\server.js:2322:1160)\n    at c:\\Users\\Usuario\\.vscode\\extensions\\uqbar.wollok-lsp-ide-0.4.0\\out\\server\\src\\server.js:38:6131\n    at Lh (c:\\Users\\Usuario\\.vscode\\extensions\\uqbar.wollok-lsp-ide-0.4.0\\out\\server\\src\\server.js:2322:42)\n    at c:\\Users\\Usuario\\.vscode\\extensions\\uqbar.wollok-lsp-ide-0.4.0\\out\\server\\src\\server.js:2322:2700\n    at c:\\Users\\Usuario\\.vscode\\extensions\\uqbar.wollok-lsp-ide-0.4.0\\out\\server\\src\\server.js:2329:3736\n    at c:\\Users\\Usuario\\.vscode\\extensions\\uqbar.wollok-lsp-ide-0.4.0\\out\\server\\src\\server.js:37:74872\n    at He (c:\\Users\\Usuario\\.vscode\\extensions\\uqbar.wollok-lsp-ide-0.4.0\\out\\server\\src\\server.js:7:8527)","timestamp":"2024-12-12T20:09:42.904Z"}
{"level":"info","message":"⌛ Building environment","timeElapsed":158,"timestamp":"2024-12-12T20:09:43.067Z"}
{"level":"info","message":"⌛ Building environment","timeElapsed":158,"timestamp":"2024-12-12T20:09:43.225Z"}
{"level":"info","message":"⌛ Validating elPadrino/padrino2.wlk","timeElapsed":209,"timestamp":"2024-12-12T20:09:43.435Z"}
{"level":"info","message":"⌛ Building environment","timeElapsed":270,"timestamp":"2024-12-12T20:09:43.704Z"}
{"level":"info","message":"⌛ Validating elPadrino/padrino2.wlk","timeElapsed":208,"timestamp":"2024-12-12T20:09:43.921Z"}
{"level":"info","message":"⌛ Building environment","timeElapsed":161,"timestamp":"2024-12-12T20:09:44.083Z"}
{"level":"info","message":"⌛ Validating elPadrino/padrino2.wlk","timeElapsed":212,"timestamp":"2024-12-12T20:09:44.295Z"}
{"level":"info","message":"⌛ Building environment","timeElapsed":161,"timestamp":"2024-12-12T20:09:44.456Z"}
{"level":"info","message":"⌛ Building environment","timeElapsed":157,"timestamp":"2024-12-12T20:09:44.614Z"}
{"level":"info","message":"⌛ Building environment","timeElapsed":159,"timestamp":"2024-12-12T20:09:44.781Z"}
{"level":"info","message":"⌛ Building environment","timeElapsed":160,"timestamp":"2024-12-12T20:09:44.941Z"}
{"level":"info","message":"⌛ Validating elPadrino/padrino2.wlk","timeElapsed":214,"timestamp":"2024-12-12T20:09:45.155Z"}
{"level":"info","message":"⌛ Building environment","timeElapsed":162,"timestamp":"2024-12-12T20:09:45.318Z"}
{"level":"info","message":"⌛ Building environment","timeElapsed":162,"timestamp":"2024-12-12T20:09:45.481Z"}
{"level":"info","message":"⌛ Validating elPadrino/padrino2.wlk","timeElapsed":214,"timestamp":"2024-12-12T20:09:45.696Z"}
{"level":"info","message":"⌛ Validating elPadrino/padrino2.wlk","timeElapsed":230,"timestamp":"2024-12-12T20:09:45.936Z"}
{"level":"info","message":"⌛ Validating elPadrino/padrino2.wlk","timeElapsed":215,"timestamp":"2024-12-12T20:09:46.151Z"}
{"level":"info","message":"⌛ Validating elPadrino/padrino2.wlk","timeElapsed":216,"timestamp":"2024-12-12T20:09:46.368Z"}
{"level":"info","message":"⌛ Validating elPadrino/padrino2.wlk","timeElapsed":215,"timestamp":"2024-12-12T20:09:46.582Z"}
{"level":"info","message":"⌛ Validating elPadrino/padrino2.wlk","timeElapsed":212,"timestamp":"2024-12-12T20:09:46.794Z"}
{"level":"info","message":"⌛ Validating elPadrino/padrino2.wlk","timeElapsed":223,"timestamp":"2024-12-12T20:09:47.018Z"}
{"level":"info","message":"⌛ Validating elPadrino/padrino2.wlk","timeElapsed":243,"timestamp":"2024-12-12T20:09:47.262Z"}
{"level":"info","message":"⌛ Validating elPadrino/padrino2.wlk","timeElapsed":223,"timestamp":"2024-12-12T20:09:47.484Z"}
{"level":"info","message":"⌛ Validating elPadrino/padrino2.wlk","timeElapsed":221,"timestamp":"2024-12-12T20:09:47.706Z"}
{"level":"info","message":"⌛ Validating elPadrino/padrino2.wlk","timeElapsed":216,"timestamp":"2024-12-12T20:09:47.922Z"}
{"level":"info","message":"⌛ Validating elPadrino/padrino2.wlk","timeElapsed":218,"timestamp":"2024-12-12T20:09:48.141Z"}
{"level":"info","message":"⌛ Validating elPadrino/padrino2.wlk","timeElapsed":216,"timestamp":"2024-12-12T20:09:48.358Z"}
{"level":"info","message":"⌛ Validating elPadrino/padrino2.wlk","timeElapsed":217,"timestamp":"2024-12-12T20:09:48.575Z"}
{"level":"info","message":"⌛ Building environment","timeElapsed":164,"timestamp":"2024-12-12T20:09:50.183Z"}
{"level":"info","message":"⌛ Validating elPadrino/padrino2.wlk","timeElapsed":214,"timestamp":"2024-12-12T20:09:50.397Z"}
{"level":"info","message":"⌛ Building environment","timeElapsed":163,"timestamp":"2024-12-12T20:09:50.977Z"}
{"level":"info","message":"⌛ Building environment","timeElapsed":161,"timestamp":"2024-12-12T20:09:51.185Z"}
{"level":"info","message":"⌛ Validating elPadrino/padrino2.wlk","timeElapsed":215,"timestamp":"2024-12-12T20:09:51.400Z"}
{"level":"info","message":"onRequest - completionItem/resolve","timestamp":"2024-12-12T20:09:51.400Z"}
{"level":"info","message":"⌛ Building environment","timeElapsed":161,"timestamp":"2024-12-12T20:09:51.562Z"}
{"level":"info","message":"onRequest - completionItem/resolve","timestamp":"2024-12-12T20:09:51.563Z"}
{"level":"info","message":"⌛ Validating elPadrino/padrino2.wlk","timeElapsed":216,"timestamp":"2024-12-12T20:09:51.779Z"}
{"level":"info","message":"⌛ Building environment","timeElapsed":163,"timestamp":"2024-12-12T20:09:51.942Z"}
{"level":"info","message":"onRequest - completionItem/resolve","timestamp":"2024-12-12T20:09:51.942Z"}
{"level":"info","message":"⌛ Validating elPadrino/padrino2.wlk","timeElapsed":214,"timestamp":"2024-12-12T20:09:52.156Z"}
{"level":"info","message":"⌛ Building environment","timeElapsed":162,"timestamp":"2024-12-12T20:09:52.319Z"}
{"level":"info","message":"onRequest - completionItem/resolve","timestamp":"2024-12-12T20:09:52.319Z"}
{"level":"info","message":"⌛ Building environment","timeElapsed":264,"timestamp":"2024-12-12T20:09:52.590Z"}
{"level":"info","message":"onRequest - completionItem/resolve","timestamp":"2024-12-12T20:09:52.591Z"}
{"level":"info","message":"⌛ Building environment","timeElapsed":351,"timestamp":"2024-12-12T20:09:52.942Z"}
{"level":"info","message":"onRequest - completionItem/resolve","timestamp":"2024-12-12T20:09:52.942Z"}
{"level":"info","message":"⌛ Validating elPadrino/padrino2.wlk","timeElapsed":216,"timestamp":"2024-12-12T20:09:53.159Z"}
{"level":"info","message":"⌛ Validating elPadrino/padrino2.wlk","timeElapsed":217,"timestamp":"2024-12-12T20:09:53.385Z"}
{"level":"info","message":"⌛ Validating elPadrino/padrino2.wlk","timeElapsed":224,"timestamp":"2024-12-12T20:09:53.610Z"}
{"level":"info","message":"⌛ Building environment","timeElapsed":164,"timestamp":"2024-12-12T20:09:53.775Z"}
{"level":"info","message":"⌛ Building environment","timeElapsed":160,"timestamp":"2024-12-12T20:09:53.981Z"}
{"level":"info","message":"⌛ Building environment","timeElapsed":290,"timestamp":"2024-12-12T20:09:54.273Z"}
{"level":"info","message":"⌛ Building environment","timeElapsed":183,"timestamp":"2024-12-12T20:09:54.457Z"}
{"level":"info","message":"⌛ Validating elPadrino/padrino2.wlk","timeElapsed":223,"timestamp":"2024-12-12T20:09:54.680Z"}
{"level":"info","message":"⌛ Building environment","timeElapsed":159,"timestamp":"2024-12-12T20:09:54.840Z"}
{"level":"info","message":"⌛ Building environment","timeElapsed":206,"timestamp":"2024-12-12T20:09:55.046Z"}
{"level":"info","message":"⌛ Building environment","timeElapsed":158,"timestamp":"2024-12-12T20:09:55.205Z"}
{"level":"info","message":"⌛ Building environment","timeElapsed":157,"timestamp":"2024-12-12T20:09:55.364Z"}
{"level":"info","message":"⌛ Building environment","timeElapsed":161,"timestamp":"2024-12-12T20:09:55.574Z"}
{"level":"info","message":"⌛ Validating elPadrino/padrino2.wlk","timeElapsed":212,"timestamp":"2024-12-12T20:09:55.786Z"}
{"level":"info","message":"⌛ Validating elPadrino/padrino2.wlk","timeElapsed":214,"timestamp":"2024-12-12T20:09:56.008Z"}
{"level":"info","message":"⌛ Validating elPadrino/padrino2.wlk","timeElapsed":216,"timestamp":"2024-12-12T20:09:56.225Z"}
{"level":"info","message":"⌛ Validating elPadrino/padrino2.wlk","timeElapsed":212,"timestamp":"2024-12-12T20:09:56.437Z"}
{"level":"info","message":"⌛ Validating elPadrino/padrino2.wlk","timeElapsed":210,"timestamp":"2024-12-12T20:09:56.648Z"}
{"level":"info","message":"⌛ Validating elPadrino/padrino2.wlk","timeElapsed":218,"timestamp":"2024-12-12T20:09:56.866Z"}
{"level":"info","message":"⌛ Validating elPadrino/padrino2.wlk","timeElapsed":217,"timestamp":"2024-12-12T20:09:57.084Z"}
{"level":"info","message":"⌛ Validating elPadrino/padrino2.wlk","timeElapsed":209,"timestamp":"2024-12-12T20:09:57.293Z"}
{"level":"info","message":"⌛ Validating elPadrino/padrino2.wlk","timeElapsed":214,"timestamp":"2024-12-12T20:09:57.508Z"}
{"level":"info","message":"⌛ Building environment","timeElapsed":160,"timestamp":"2024-12-12T20:09:57.668Z"}
{"level":"info","message":"⌛ Building environment","timeElapsed":159,"timestamp":"2024-12-12T20:09:57.835Z"}
{"level":"error","message":"✘ Completions for node failed: Error: [Send]{a54482} at elPadrino/padrino2.wlk:205 exhausted all cases without a match [Send]{a54482} at elPadrino/padrino2.wlk:205 exhausted all cases without a match","stack":"Error: [Send]{a54482} at elPadrino/padrino2.wlk:205 exhausted all cases without a match\n    at c:\\Users\\Usuario\\.vscode\\extensions\\uqbar.wollok-lsp-ide-0.4.0\\out\\server\\src\\server.js:38:6142\n    at Lh (c:\\Users\\Usuario\\.vscode\\extensions\\uqbar.wollok-lsp-ide-0.4.0\\out\\server\\src\\server.js:2322:42)\n    at Fh (c:\\Users\\Usuario\\.vscode\\extensions\\uqbar.wollok-lsp-ide-0.4.0\\out\\server\\src\\server.js:2322:1004)\n    at A9n (c:\\Users\\Usuario\\.vscode\\extensions\\uqbar.wollok-lsp-ide-0.4.0\\out\\server\\src\\server.js:2322:1160)\n    at c:\\Users\\Usuario\\.vscode\\extensions\\uqbar.wollok-lsp-ide-0.4.0\\out\\server\\src\\server.js:38:6131\n    at Lh (c:\\Users\\Usuario\\.vscode\\extensions\\uqbar.wollok-lsp-ide-0.4.0\\out\\server\\src\\server.js:2322:42)\n    at c:\\Users\\Usuario\\.vscode\\extensions\\uqbar.wollok-lsp-ide-0.4.0\\out\\server\\src\\server.js:2322:2700\n    at c:\\Users\\Usuario\\.vscode\\extensions\\uqbar.wollok-lsp-ide-0.4.0\\out\\server\\src\\server.js:2329:3736\n    at c:\\Users\\Usuario\\.vscode\\extensions\\uqbar.wollok-lsp-ide-0.4.0\\out\\server\\src\\server.js:37:74872\n    at He (c:\\Users\\Usuario\\.vscode\\extensions\\uqbar.wollok-lsp-ide-0.4.0\\out\\server\\src\\server.js:7:8527)","timestamp":"2024-12-12T20:09:57.878Z"}
{"level":"info","message":"⌛ Building environment","timeElapsed":166,"timestamp":"2024-12-12T20:09:58.048Z"}
{"level":"info","message":"⌛ Building environment","timeElapsed":276,"timestamp":"2024-12-12T20:09:58.325Z"}
{"level":"info","message":"⌛ Validating elPadrino/padrino2.wlk","timeElapsed":214,"timestamp":"2024-12-12T20:09:58.539Z"}
{"level":"info","message":"⌛ Validating elPadrino/padrino2.wlk","timeElapsed":214,"timestamp":"2024-12-12T20:09:58.754Z"}
{"level":"info","message":"onRequest - completionItem/resolve","timestamp":"2024-12-12T20:09:58.754Z"}
{"level":"info","message":"⌛ Building environment","timeElapsed":161,"timestamp":"2024-12-12T20:09:58.923Z"}
{"level":"info","message":"onRequest - completionItem/resolve","timestamp":"2024-12-12T20:09:58.924Z"}
{"level":"info","message":"⌛ Validating elPadrino/padrino2.wlk","timeElapsed":215,"timestamp":"2024-12-12T20:09:59.140Z"}
{"level":"info","message":"⌛ Validating elPadrino/padrino2.wlk","timeElapsed":214,"timestamp":"2024-12-12T20:09:59.353Z"}
{"level":"info","message":"⌛ Building environment","timeElapsed":156,"timestamp":"2024-12-12T20:09:59.510Z"}
{"level":"info","message":"onRequest - completionItem/resolve","timestamp":"2024-12-12T20:09:59.510Z"}
{"level":"info","message":"⌛ Building environment","timeElapsed":160,"timestamp":"2024-12-12T20:09:59.678Z"}
{"level":"info","message":"onRequest - completionItem/resolve","timestamp":"2024-12-12T20:09:59.678Z"}
{"level":"info","message":"⌛ Building environment","timeElapsed":165,"timestamp":"2024-12-12T20:09:59.843Z"}
{"level":"info","message":"onRequest - completionItem/resolve","timestamp":"2024-12-12T20:09:59.844Z"}
{"level":"info","message":"⌛ Validating elPadrino/padrino2.wlk","timeElapsed":219,"timestamp":"2024-12-12T20:10:00.071Z"}
{"level":"info","message":"⌛ Building environment","timeElapsed":165,"timestamp":"2024-12-12T20:10:00.237Z"}
{"level":"info","message":"onRequest - completionItem/resolve","timestamp":"2024-12-12T20:10:00.237Z"}
{"level":"info","message":"⌛ Building environment","timeElapsed":165,"timestamp":"2024-12-12T20:10:00.402Z"}
{"level":"info","message":"onRequest - completionItem/resolve","timestamp":"2024-12-12T20:10:00.403Z"}
{"level":"info","message":"⌛ Validating elPadrino/padrino2.wlk","timeElapsed":214,"timestamp":"2024-12-12T20:10:00.625Z"}
{"level":"info","message":"⌛ Validating elPadrino/padrino2.wlk","timeElapsed":220,"timestamp":"2024-12-12T20:10:00.845Z"}
{"level":"info","message":"⌛ Validating elPadrino/padrino2.wlk","timeElapsed":214,"timestamp":"2024-12-12T20:10:01.059Z"}
{"level":"info","message":"⌛ Validating elPadrino/padrino2.wlk","timeElapsed":221,"timestamp":"2024-12-12T20:10:01.280Z"}
{"level":"info","message":"⌛ Validating elPadrino/padrino2.wlk","timeElapsed":215,"timestamp":"2024-12-12T20:10:01.495Z"}
{"level":"info","message":"⌛ Building environment","timeElapsed":210,"timestamp":"2024-12-12T20:10:04.504Z"}
{"level":"error","message":"✘ Completions for node failed: Error: [Send]{38c829} at elPadrino/padrino2.wlk:205 exhausted all cases without a match [Send]{38c829} at elPadrino/padrino2.wlk:205 exhausted all cases without a match","stack":"Error: [Send]{38c829} at elPadrino/padrino2.wlk:205 exhausted all cases without a match\n    at c:\\Users\\Usuario\\.vscode\\extensions\\uqbar.wollok-lsp-ide-0.4.0\\out\\server\\src\\server.js:38:6142\n    at Lh (c:\\Users\\Usuario\\.vscode\\extensions\\uqbar.wollok-lsp-ide-0.4.0\\out\\server\\src\\server.js:2322:42)\n    at Fh (c:\\Users\\Usuario\\.vscode\\extensions\\uqbar.wollok-lsp-ide-0.4.0\\out\\server\\src\\server.js:2322:1004)\n    at A9n (c:\\Users\\Usuario\\.vscode\\extensions\\uqbar.wollok-lsp-ide-0.4.0\\out\\server\\src\\server.js:2322:1160)\n    at c:\\Users\\Usuario\\.vscode\\extensions\\uqbar.wollok-lsp-ide-0.4.0\\out\\server\\src\\server.js:38:6131\n    at Lh (c:\\Users\\Usuario\\.vscode\\extensions\\uqbar.wollok-lsp-ide-0.4.0\\out\\server\\src\\server.js:2322:42)\n    at c:\\Users\\Usuario\\.vscode\\extensions\\uqbar.wollok-lsp-ide-0.4.0\\out\\server\\src\\server.js:2322:2700\n    at c:\\Users\\Usuario\\.vscode\\extensions\\uqbar.wollok-lsp-ide-0.4.0\\out\\server\\src\\server.js:2329:3736\n    at c:\\Users\\Usuario\\.vscode\\extensions\\uqbar.wollok-lsp-ide-0.4.0\\out\\server\\src\\server.js:37:74872\n    at He (c:\\Users\\Usuario\\.vscode\\extensions\\uqbar.wollok-lsp-ide-0.4.0\\out\\server\\src\\server.js:7:8527)","timestamp":"2024-12-12T20:10:04.548Z"}
{"level":"info","message":"⌛ Building environment","timeElapsed":185,"timestamp":"2024-12-12T20:10:04.738Z"}
{"level":"info","message":"⌛ Building environment","timeElapsed":162,"timestamp":"2024-12-12T20:10:04.900Z"}
{"level":"info","message":"⌛ Validating elPadrino/padrino2.wlk","timeElapsed":223,"timestamp":"2024-12-12T20:10:05.122Z"}
{"level":"info","message":"onRequest - completionItem/resolve","timestamp":"2024-12-12T20:10:05.122Z"}
{"level":"info","message":"⌛ Building environment","timeElapsed":205,"timestamp":"2024-12-12T20:10:05.327Z"}
{"level":"info","message":"onRequest - completionItem/resolve","timestamp":"2024-12-12T20:10:05.328Z"}
{"level":"info","message":"⌛ Validating elPadrino/padrino2.wlk","timeElapsed":217,"timestamp":"2024-12-12T20:10:05.545Z"}
{"level":"info","message":"⌛ Validating elPadrino/padrino2.wlk","timeElapsed":222,"timestamp":"2024-12-12T20:10:05.766Z"}
{"level":"info","message":"⌛ Validating elPadrino/padrino2.wlk","timeElapsed":216,"timestamp":"2024-12-12T20:10:05.992Z"}
{"level":"info","message":"⌛ Building environment","timeElapsed":163,"timestamp":"2024-12-12T20:10:08.749Z"}
{"level":"error","message":"✘ Completions for node failed: Error: [Send]{5eb594} at elPadrino/padrino2.wlk:7 exhausted all cases without a match [Send]{5eb594} at elPadrino/padrino2.wlk:7 exhausted all cases without a match","stack":"Error: [Send]{5eb594} at elPadrino/padrino2.wlk:7 exhausted all cases without a match\n    at c:\\Users\\Usuario\\.vscode\\extensions\\uqbar.wollok-lsp-ide-0.4.0\\out\\server\\src\\server.js:38:6142\n    at Lh (c:\\Users\\Usuario\\.vscode\\extensions\\uqbar.wollok-lsp-ide-0.4.0\\out\\server\\src\\server.js:2322:42)\n    at Fh (c:\\Users\\Usuario\\.vscode\\extensions\\uqbar.wollok-lsp-ide-0.4.0\\out\\server\\src\\server.js:2322:1004)\n    at A9n (c:\\Users\\Usuario\\.vscode\\extensions\\uqbar.wollok-lsp-ide-0.4.0\\out\\server\\src\\server.js:2322:1160)\n    at c:\\Users\\Usuario\\.vscode\\extensions\\uqbar.wollok-lsp-ide-0.4.0\\out\\server\\src\\server.js:38:6131\n    at Lh (c:\\Users\\Usuario\\.vscode\\extensions\\uqbar.wollok-lsp-ide-0.4.0\\out\\server\\src\\server.js:2322:42)\n    at c:\\Users\\Usuario\\.vscode\\extensions\\uqbar.wollok-lsp-ide-0.4.0\\out\\server\\src\\server.js:2322:2700\n    at c:\\Users\\Usuario\\.vscode\\extensions\\uqbar.wollok-lsp-ide-0.4.0\\out\\server\\src\\server.js:2329:3736\n    at c:\\Users\\Usuario\\.vscode\\extensions\\uqbar.wollok-lsp-ide-0.4.0\\out\\server\\src\\server.js:37:74872\n    at He (c:\\Users\\Usuario\\.vscode\\extensions\\uqbar.wollok-lsp-ide-0.4.0\\out\\server\\src\\server.js:7:8527)","timestamp":"2024-12-12T20:10:08.790Z"}
{"level":"info","message":"⌛ Validating elPadrino/padrino2.wlk","timeElapsed":215,"timestamp":"2024-12-12T20:10:09.010Z"}
{"level":"info","message":"onRequest - completionItem/resolve","timestamp":"2024-12-12T20:10:09.010Z"}
{"level":"info","message":"⌛ Building environment","timeElapsed":162,"timestamp":"2024-12-12T20:10:09.400Z"}
{"level":"info","message":"⌛ Validating elPadrino/padrino2.wlk","timeElapsed":209,"timestamp":"2024-12-12T20:10:09.610Z"}
{"level":"info","message":"⌛ Building environment","timeElapsed":157,"timestamp":"2024-12-12T20:10:10.173Z"}
{"level":"info","message":"⌛ Validating elPadrino/padrino2.wlk","timeElapsed":229,"timestamp":"2024-12-12T20:10:10.402Z"}
{"level":"info","message":"⌛ Building environment","timeElapsed":192,"timestamp":"2024-12-12T20:10:12.503Z"}
{"level":"info","message":"⌛ Validating elPadrino/padrino2.wlk","timeElapsed":214,"timestamp":"2024-12-12T20:10:12.718Z"}
{"level":"info","message":"⌛ Building environment","timeElapsed":195,"timestamp":"2024-12-12T20:10:12.922Z"}
{"level":"info","message":"⌛ Building environment","timeElapsed":165,"timestamp":"2024-12-12T20:10:13.087Z"}
{"level":"info","message":"⌛ Building environment","timeElapsed":157,"timestamp":"2024-12-12T20:10:13.245Z"}
{"level":"info","message":"⌛ Validating elPadrino/padrino2.wlk","timeElapsed":210,"timestamp":"2024-12-12T20:10:13.456Z"}
{"level":"info","message":"⌛ Building environment","timeElapsed":162,"timestamp":"2024-12-12T20:10:13.619Z"}
{"level":"info","message":"⌛ Validating elPadrino/padrino2.wlk","timeElapsed":215,"timestamp":"2024-12-12T20:10:13.833Z"}
{"level":"info","message":"⌛ Validating elPadrino/padrino2.wlk","timeElapsed":210,"timestamp":"2024-12-12T20:10:14.051Z"}
{"level":"info","message":"⌛ Building environment","timeElapsed":159,"timestamp":"2024-12-12T20:10:14.211Z"}
{"level":"info","message":"⌛ Building environment","timeElapsed":158,"timestamp":"2024-12-12T20:10:14.376Z"}
{"level":"info","message":"⌛ Validating elPadrino/padrino2.wlk","timeElapsed":214,"timestamp":"2024-12-12T20:10:14.591Z"}
{"level":"info","message":"⌛ Validating elPadrino/padrino2.wlk","timeElapsed":215,"timestamp":"2024-12-12T20:10:14.815Z"}
{"level":"info","message":"⌛ Validating elPadrino/padrino2.wlk","timeElapsed":214,"timestamp":"2024-12-12T20:10:15.028Z"}
{"level":"info","message":"⌛ Building environment","timeElapsed":166,"timestamp":"2024-12-12T20:10:15.853Z"}
{"level":"info","message":"⌛ Validating elPadrino/padrino2.wlk","timeElapsed":255,"timestamp":"2024-12-12T20:10:16.109Z"}
{"level":"info","message":"⌛ Building environment","timeElapsed":193,"timestamp":"2024-12-12T20:10:21.281Z"}
{"level":"info","message":"⌛ Validating elPadrino/padrino2.wlk","timeElapsed":210,"timestamp":"2024-12-12T20:10:21.492Z"}
{"level":"info","message":"⌛ Building environment","timeElapsed":185,"timestamp":"2024-12-12T20:10:22.571Z"}
{"level":"info","message":"⌛ Validating elPadrino/padrino2.wlk","timeElapsed":209,"timestamp":"2024-12-12T20:10:22.782Z"}
{"level":"info","message":"⌛ Building environment","timeElapsed":157,"timestamp":"2024-12-12T20:10:22.948Z"}
{"level":"info","message":"⌛ Building environment","timeElapsed":171,"timestamp":"2024-12-12T20:10:23.120Z"}
{"level":"info","message":"⌛ Validating elPadrino/padrino2.wlk","timeElapsed":210,"timestamp":"2024-12-12T20:10:23.331Z"}
{"level":"info","message":"⌛ Validating elPadrino/padrino2.wlk","timeElapsed":215,"timestamp":"2024-12-12T20:10:23.545Z"}
{"level":"info","message":"⌛ Building environment","timeElapsed":190,"timestamp":"2024-12-12T20:10:23.744Z"}
{"level":"info","message":"⌛ Validating elPadrino/padrino2.wlk","timeElapsed":215,"timestamp":"2024-12-12T20:10:23.968Z"}
